CRITICAL - 2023-11-15 06:35:27 --> Key material must be a string, resource, or OpenSSLAsymmetricKey
in VENDORPATH\firebase\php-jwt\src\Key.php on line 31.
 1 APPPATH\Libraries\JWTCI4.php(68): Firebase\JWT\Key->__construct(false, 'HS256')
 2 APPPATH\Filters\AuthFilter.php(39): App\Libraries\JWTCI4->parse(Object(CodeIgniter\HTTP\Header))
 3 SYSTEMPATH\Filters\Filters.php(180): App\Filters\AuthFilter->before(Object(CodeIgniter\HTTP\IncomingRequest), null)
 4 SYSTEMPATH\CodeIgniter.php(466): CodeIgniter\Filters\Filters->run('api/jobcompany/2', 'before')
 5 SYSTEMPATH\CodeIgniter.php(353): CodeIgniter\CodeIgniter->handleRequest(null, Object(Config\Cache), false)
 6 FCPATH\index.php(79): CodeIgniter\CodeIgniter->run()
CRITICAL - 2023-11-15 06:35:27 --> Key material must be a string, resource, or OpenSSLAsymmetricKey
in VENDORPATH\firebase\php-jwt\src\Key.php on line 31.
 1 APPPATH\Libraries\JWTCI4.php(68): Firebase\JWT\Key->__construct(false, 'HS256')
 2 APPPATH\Filters\AuthFilter.php(39): App\Libraries\JWTCI4->parse(Object(CodeIgniter\HTTP\Header))
 3 SYSTEMPATH\Filters\Filters.php(180): App\Filters\AuthFilter->before(Object(CodeIgniter\HTTP\IncomingRequest), null)
 4 SYSTEMPATH\CodeIgniter.php(466): CodeIgniter\Filters\Filters->run('api/company/2', 'before')
 5 SYSTEMPATH\CodeIgniter.php(353): CodeIgniter\CodeIgniter->handleRequest(null, Object(Config\Cache), false)
 6 FCPATH\index.php(79): CodeIgniter\CodeIgniter->run()
CRITICAL - 2023-11-15 06:35:52 --> Key material must be a string, resource, or OpenSSLAsymmetricKey
in VENDORPATH\firebase\php-jwt\src\Key.php on line 31.
 1 APPPATH\Libraries\JWTCI4.php(68): Firebase\JWT\Key->__construct(false, 'HS256')
 2 APPPATH\Filters\AuthFilter.php(39): App\Libraries\JWTCI4->parse(Object(CodeIgniter\HTTP\Header))
 3 SYSTEMPATH\Filters\Filters.php(180): App\Filters\AuthFilter->before(Object(CodeIgniter\HTTP\IncomingRequest), null)
 4 SYSTEMPATH\CodeIgniter.php(466): CodeIgniter\Filters\Filters->run('api/company/2', 'before')
 5 SYSTEMPATH\CodeIgniter.php(353): CodeIgniter\CodeIgniter->handleRequest(null, Object(Config\Cache), false)
 6 FCPATH\index.php(79): CodeIgniter\CodeIgniter->run()
CRITICAL - 2023-11-15 06:35:53 --> Key material must be a string, resource, or OpenSSLAsymmetricKey
in VENDORPATH\firebase\php-jwt\src\Key.php on line 31.
 1 APPPATH\Libraries\JWTCI4.php(68): Firebase\JWT\Key->__construct(false, 'HS256')
 2 APPPATH\Filters\AuthFilter.php(39): App\Libraries\JWTCI4->parse(Object(CodeIgniter\HTTP\Header))
 3 SYSTEMPATH\Filters\Filters.php(180): App\Filters\AuthFilter->before(Object(CodeIgniter\HTTP\IncomingRequest), null)
 4 SYSTEMPATH\CodeIgniter.php(466): CodeIgniter\Filters\Filters->run('api/jobcompany/2', 'before')
 5 SYSTEMPATH\CodeIgniter.php(353): CodeIgniter\CodeIgniter->handleRequest(null, Object(Config\Cache), false)
 6 FCPATH\index.php(79): CodeIgniter\CodeIgniter->run()
CRITICAL - 2023-11-15 06:36:10 --> Key material must be a string, resource, or OpenSSLAsymmetricKey
in VENDORPATH\firebase\php-jwt\src\Key.php on line 31.
 1 APPPATH\Libraries\JWTCI4.php(68): Firebase\JWT\Key->__construct(false, 'HS256')
 2 APPPATH\Filters\AuthFilter.php(39): App\Libraries\JWTCI4->parse(Object(CodeIgniter\HTTP\Header))
 3 SYSTEMPATH\Filters\Filters.php(180): App\Filters\AuthFilter->before(Object(CodeIgniter\HTTP\IncomingRequest), null)
 4 SYSTEMPATH\CodeIgniter.php(466): CodeIgniter\Filters\Filters->run('api/jobcompany/2', 'before')
 5 SYSTEMPATH\CodeIgniter.php(353): CodeIgniter\CodeIgniter->handleRequest(null, Object(Config\Cache), false)
 6 FCPATH\index.php(79): CodeIgniter\CodeIgniter->run()
CRITICAL - 2023-11-15 07:01:05 --> Key material must be a string, resource, or OpenSSLAsymmetricKey
in VENDORPATH\firebase\php-jwt\src\Key.php on line 31.
 1 APPPATH\Libraries\JWTCI4.php(68): Firebase\JWT\Key->__construct(false, 'HS256')
 2 APPPATH\Filters\AuthFilter.php(39): App\Libraries\JWTCI4->parse(Object(CodeIgniter\HTTP\Header))
 3 SYSTEMPATH\Filters\Filters.php(180): App\Filters\AuthFilter->before(Object(CodeIgniter\HTTP\IncomingRequest), null)
 4 SYSTEMPATH\CodeIgniter.php(466): CodeIgniter\Filters\Filters->run('api/applyuser/2', 'before')
 5 SYSTEMPATH\CodeIgniter.php(353): CodeIgniter\CodeIgniter->handleRequest(null, Object(Config\Cache), false)
 6 FCPATH\index.php(79): CodeIgniter\CodeIgniter->run()
CRITICAL - 2023-11-15 07:07:19 --> Key material must be a string, resource, or OpenSSLAsymmetricKey
in VENDORPATH\firebase\php-jwt\src\Key.php on line 31.
 1 APPPATH\Libraries\JWTCI4.php(68): Firebase\JWT\Key->__construct(false, 'HS256')
 2 APPPATH\Filters\AuthFilter.php(39): App\Libraries\JWTCI4->parse(Object(CodeIgniter\HTTP\Header))
 3 SYSTEMPATH\Filters\Filters.php(180): App\Filters\AuthFilter->before(Object(CodeIgniter\HTTP\IncomingRequest), null)
 4 SYSTEMPATH\CodeIgniter.php(466): CodeIgniter\Filters\Filters->run('api/jobcompany/2', 'before')
 5 SYSTEMPATH\CodeIgniter.php(353): CodeIgniter\CodeIgniter->handleRequest(null, Object(Config\Cache), false)
 6 FCPATH\index.php(79): CodeIgniter\CodeIgniter->run()
