CRITICAL - 2023-09-27 11:36:08 --> Undefined property: App\Controllers\Home::$router
in APPPATH\Controllers\Home.php on line 17.
 1 APPPATH\Controllers\Home.php(17): CodeIgniter\Debug\Exceptions->errorHandler(2, 'Undefined property: App\\Controllers\\Home::$router', 'C:\\Users\\Suluh\\Desktop\\project\\jobapp\\Job-App\\jobseeker-backend\\app\\Controllers\\Home.php', 17)
 2 SYSTEMPATH\CodeIgniter.php(919): App\Controllers\Home->index()
 3 SYSTEMPATH\CodeIgniter.php(494): CodeIgniter\CodeIgniter->runController(Object(App\Controllers\Home))
 4 SYSTEMPATH\CodeIgniter.php(353): CodeIgniter\CodeIgniter->handleRequest(null, Object(Config\Cache), false)
 5 FCPATH\index.php(79): CodeIgniter\CodeIgniter->run()
 6 SYSTEMPATH\Commands\Server\rewrite.php(47): require_once('C:\\Users\\Suluh\\Desktop\\project\\jobapp\\Job-App\\jobseeker-backend\\public\\index.php')
CRITICAL - 2023-09-27 11:36:41 --> App\Controllers\Home::index(): Return value must be of type string, none returned
in APPPATH\Controllers\Home.php on line 21.
 1 SYSTEMPATH\CodeIgniter.php(919): App\Controllers\Home->index()
 2 SYSTEMPATH\CodeIgniter.php(494): CodeIgniter\CodeIgniter->runController(Object(App\Controllers\Home))
 3 SYSTEMPATH\CodeIgniter.php(353): CodeIgniter\CodeIgniter->handleRequest(null, Object(Config\Cache), false)
 4 FCPATH\index.php(79): CodeIgniter\CodeIgniter->run()
 5 SYSTEMPATH\Commands\Server\rewrite.php(47): require_once('C:\\Users\\Suluh\\Desktop\\project\\jobapp\\Job-App\\jobseeker-backend\\public\\index.php')
CRITICAL - 2023-09-27 12:28:38 --> syntax error, unexpected variable "$page"
in APPPATH\Controllers\Api\ApiUser.php on line 24.
 1 SYSTEMPATH\Autoloader\Autoloader.php(285): CodeIgniter\Autoloader\Autoloader->includeFile('C:\\Users\\Suluh\\Desktop\\project\\jobapp\\Job-App\\jobseeker-backend\\app\\Controllers\\Api\\ApiUser.php')
 2 SYSTEMPATH\Autoloader\Autoloader.php(263): CodeIgniter\Autoloader\Autoloader->loadInNamespace('App\\Controllers\\Api\\ApiUser')
 3 [internal function]: CodeIgniter\Autoloader\Autoloader->loadClass('App\\Controllers\\Api\\ApiUser')
 4 SYSTEMPATH\CodeIgniter.php(877): class_exists('\\App\\Controllers\\Api\\ApiUser', true)
 5 SYSTEMPATH\CodeIgniter.php(481): CodeIgniter\CodeIgniter->startController()
 6 SYSTEMPATH\CodeIgniter.php(353): CodeIgniter\CodeIgniter->handleRequest(null, Object(Config\Cache), false)
 7 FCPATH\index.php(79): CodeIgniter\CodeIgniter->run()
 8 SYSTEMPATH\Commands\Server\rewrite.php(47): require_once('C:\\Users\\Suluh\\Desktop\\project\\jobapp\\Job-App\\jobseeker-backend\\public\\index.php')
CRITICAL - 2023-09-27 12:29:28 --> syntax error, unexpected token "{"
in APPPATH\Controllers\Api\ApiUser.php on line 34.
 1 SYSTEMPATH\Autoloader\Autoloader.php(285): CodeIgniter\Autoloader\Autoloader->includeFile('C:\\Users\\Suluh\\Desktop\\project\\jobapp\\Job-App\\jobseeker-backend\\app\\Controllers\\Api\\ApiUser.php')
 2 SYSTEMPATH\Autoloader\Autoloader.php(263): CodeIgniter\Autoloader\Autoloader->loadInNamespace('App\\Controllers\\Api\\ApiUser')
 3 [internal function]: CodeIgniter\Autoloader\Autoloader->loadClass('App\\Controllers\\Api\\ApiUser')
 4 SYSTEMPATH\CodeIgniter.php(877): class_exists('\\App\\Controllers\\Api\\ApiUser', true)
 5 SYSTEMPATH\CodeIgniter.php(481): CodeIgniter\CodeIgniter->startController()
 6 SYSTEMPATH\CodeIgniter.php(353): CodeIgniter\CodeIgniter->handleRequest(null, Object(Config\Cache), false)
 7 FCPATH\index.php(79): CodeIgniter\CodeIgniter->run()
 8 SYSTEMPATH\Commands\Server\rewrite.php(47): require_once('C:\\Users\\Suluh\\Desktop\\project\\jobapp\\Job-App\\jobseeker-backend\\public\\index.php')
CRITICAL - 2023-09-27 12:29:56 --> Call to undefined method App\Controllers\Api\ApiUser::request()
in APPPATH\Controllers\Api\ApiUser.php on line 21.
 1 SYSTEMPATH\CodeIgniter.php(919): App\Controllers\Api\ApiUser->page()
 2 SYSTEMPATH\CodeIgniter.php(494): CodeIgniter\CodeIgniter->runController(Object(App\Controllers\Api\ApiUser))
 3 SYSTEMPATH\CodeIgniter.php(353): CodeIgniter\CodeIgniter->handleRequest(null, Object(Config\Cache), false)
 4 FCPATH\index.php(79): CodeIgniter\CodeIgniter->run()
 5 SYSTEMPATH\Commands\Server\rewrite.php(47): require_once('C:\\Users\\Suluh\\Desktop\\project\\jobapp\\Job-App\\jobseeker-backend\\public\\index.php')
CRITICAL - 2023-09-27 12:30:45 --> Call to undefined method App\Models\MdlUser::countAllResult
in SYSTEMPATH\Model.php on line 873.
 1 APPPATH\Controllers\Api\ApiUser.php(27): CodeIgniter\Model->__call('countAllResult', [])
 2 SYSTEMPATH\CodeIgniter.php(919): App\Controllers\Api\ApiUser->page()
 3 SYSTEMPATH\CodeIgniter.php(494): CodeIgniter\CodeIgniter->runController(Object(App\Controllers\Api\ApiUser))
 4 SYSTEMPATH\CodeIgniter.php(353): CodeIgniter\CodeIgniter->handleRequest(null, Object(Config\Cache), false)
 5 FCPATH\index.php(79): CodeIgniter\CodeIgniter->run()
 6 SYSTEMPATH\Commands\Server\rewrite.php(47): require_once('C:\\Users\\Suluh\\Desktop\\project\\jobapp\\Job-App\\jobseeker-backend\\public\\index.php')
CRITICAL - 2023-09-27 12:32:06 --> Undefined constant "App\Controllers\Api\size"
in APPPATH\Controllers\Api\ApiUser.php on line 30.
 1 SYSTEMPATH\CodeIgniter.php(919): App\Controllers\Api\ApiUser->page()
 2 SYSTEMPATH\CodeIgniter.php(494): CodeIgniter\CodeIgniter->runController(Object(App\Controllers\Api\ApiUser))
 3 SYSTEMPATH\CodeIgniter.php(353): CodeIgniter\CodeIgniter->handleRequest(null, Object(Config\Cache), false)
 4 FCPATH\index.php(79): CodeIgniter\CodeIgniter->run()
 5 SYSTEMPATH\Commands\Server\rewrite.php(47): require_once('C:\\Users\\Suluh\\Desktop\\project\\jobapp\\Job-App\\jobseeker-backend\\public\\index.php')
CRITICAL - 2023-09-27 12:32:24 --> Undefined variable $totalElement
in APPPATH\Controllers\Api\ApiUser.php on line 30.
 1 APPPATH\Controllers\Api\ApiUser.php(30): CodeIgniter\Debug\Exceptions->errorHandler(2, 'Undefined variable $totalElement', 'C:\\Users\\Suluh\\Desktop\\project\\jobapp\\Job-App\\jobseeker-backend\\app\\Controllers\\Api\\ApiUser.php', 30)
 2 SYSTEMPATH\CodeIgniter.php(919): App\Controllers\Api\ApiUser->page()
 3 SYSTEMPATH\CodeIgniter.php(494): CodeIgniter\CodeIgniter->runController(Object(App\Controllers\Api\ApiUser))
 4 SYSTEMPATH\CodeIgniter.php(353): CodeIgniter\CodeIgniter->handleRequest(null, Object(Config\Cache), false)
 5 FCPATH\index.php(79): CodeIgniter\CodeIgniter->run()
 6 SYSTEMPATH\Commands\Server\rewrite.php(47): require_once('C:\\Users\\Suluh\\Desktop\\project\\jobapp\\Job-App\\jobseeker-backend\\public\\index.php')
CRITICAL - 2023-09-27 12:32:43 --> Call to undefined method App\Controllers\Api\ApiUser::response()
in APPPATH\Controllers\Api\ApiUser.php on line 45.
 1 SYSTEMPATH\CodeIgniter.php(919): App\Controllers\Api\ApiUser->page()
 2 SYSTEMPATH\CodeIgniter.php(494): CodeIgniter\CodeIgniter->runController(Object(App\Controllers\Api\ApiUser))
 3 SYSTEMPATH\CodeIgniter.php(353): CodeIgniter\CodeIgniter->handleRequest(null, Object(Config\Cache), false)
 4 FCPATH\index.php(79): CodeIgniter\CodeIgniter->run()
 5 SYSTEMPATH\Commands\Server\rewrite.php(47): require_once('C:\\Users\\Suluh\\Desktop\\project\\jobapp\\Job-App\\jobseeker-backend\\public\\index.php')
CRITICAL - 2023-09-27 12:35:24 --> A non-numeric value encountered
in APPPATH\Controllers\Api\ApiUser.php on line 24.
 1 APPPATH\Controllers\Api\ApiUser.php(24): CodeIgniter\Debug\Exceptions->errorHandler(2, 'A non-numeric value encountered', 'C:\\Users\\Suluh\\Desktop\\project\\jobapp\\Job-App\\jobseeker-backend\\app\\Controllers\\Api\\ApiUser.php', 24)
 2 SYSTEMPATH\CodeIgniter.php(919): App\Controllers\Api\ApiUser->page()
 3 SYSTEMPATH\CodeIgniter.php(494): CodeIgniter\CodeIgniter->runController(Object(App\Controllers\Api\ApiUser))
 4 SYSTEMPATH\CodeIgniter.php(353): CodeIgniter\CodeIgniter->handleRequest(null, Object(Config\Cache), false)
 5 FCPATH\index.php(79): CodeIgniter\CodeIgniter->run()
 6 SYSTEMPATH\Commands\Server\rewrite.php(47): require_once('C:\\Users\\Suluh\\Desktop\\project\\jobapp\\Job-App\\jobseeker-backend\\public\\index.php')
CRITICAL - 2023-09-27 12:37:49 --> A non-numeric value encountered
in APPPATH\Controllers\Api\ApiUser.php on line 24.
 1 APPPATH\Controllers\Api\ApiUser.php(24): CodeIgniter\Debug\Exceptions->errorHandler(2, 'A non-numeric value encountered', 'C:\\Users\\Suluh\\Desktop\\project\\jobapp\\Job-App\\jobseeker-backend\\app\\Controllers\\Api\\ApiUser.php', 24)
 2 SYSTEMPATH\CodeIgniter.php(919): App\Controllers\Api\ApiUser->page()
 3 SYSTEMPATH\CodeIgniter.php(494): CodeIgniter\CodeIgniter->runController(Object(App\Controllers\Api\ApiUser))
 4 SYSTEMPATH\CodeIgniter.php(353): CodeIgniter\CodeIgniter->handleRequest(null, Object(Config\Cache), false)
 5 FCPATH\index.php(79): CodeIgniter\CodeIgniter->run()
 6 SYSTEMPATH\Commands\Server\rewrite.php(47): require_once('C:\\Users\\Suluh\\Desktop\\project\\jobapp\\Job-App\\jobseeker-backend\\public\\index.php')
ERROR - 2023-09-27 12:44:44 --> mysqli_sql_exception: Table 'jobseeker.mdladmins' doesn't exist in C:\Users\Suluh\Desktop\project\jobapp\Job-App\jobseeker-backend\vendor\codeigniter4\framework\system\Database\MySQLi\Connection.php:306
Stack trace:
#0 C:\Users\Suluh\Desktop\project\jobapp\Job-App\jobseeker-backend\vendor\codeigniter4\framework\system\Database\MySQLi\Connection.php(306): mysqli->query('SELECT COUNT(*)...', 0)
#1 C:\Users\Suluh\Desktop\project\jobapp\Job-App\jobseeker-backend\vendor\codeigniter4\framework\system\Database\BaseConnection.php(692): CodeIgniter\Database\MySQLi\Connection->execute('SELECT COUNT(*)...')
#2 C:\Users\Suluh\Desktop\project\jobapp\Job-App\jobseeker-backend\vendor\codeigniter4\framework\system\Database\BaseConnection.php(606): CodeIgniter\Database\BaseConnection->simpleQuery('SELECT COUNT(*)...')
#3 C:\Users\Suluh\Desktop\project\jobapp\Job-App\jobseeker-backend\vendor\codeigniter4\framework\system\Database\BaseBuilder.php(1699): CodeIgniter\Database\BaseConnection->query('SELECT COUNT(*)...', Array, false)
#4 C:\Users\Suluh\Desktop\project\jobapp\Job-App\jobseeker-backend\vendor\codeigniter4\framework\system\Model.php(599): CodeIgniter\Database\BaseBuilder->countAllResults(false)
#5 C:\Users\Suluh\Desktop\project\jobapp\Job-App\jobseeker-backend\vendor\codeigniter4\framework\system\BaseModel.php(1203): CodeIgniter\Model->countAllResults(false)
#6 C:\Users\Suluh\Desktop\project\jobapp\Job-App\jobseeker-backend\app\Controllers\Api\ApiAdmin.php(26): CodeIgniter\BaseModel->paginate(2, 'default', 1)
#7 C:\Users\Suluh\Desktop\project\jobapp\Job-App\jobseeker-backend\vendor\codeigniter4\framework\system\CodeIgniter.php(919): App\Controllers\Api\ApiAdmin->page()
#8 C:\Users\Suluh\Desktop\project\jobapp\Job-App\jobseeker-backend\vendor\codeigniter4\framework\system\CodeIgniter.php(494): CodeIgniter\CodeIgniter->runController(Object(App\Controllers\Api\ApiAdmin))
#9 C:\Users\Suluh\Desktop\project\jobapp\Job-App\jobseeker-backend\vendor\codeigniter4\framework\system\CodeIgniter.php(353): CodeIgniter\CodeIgniter->handleRequest(NULL, Object(Config\Cache), false)
#10 C:\Users\Suluh\Desktop\project\jobapp\Job-App\jobseeker-backend\public\index.php(79): CodeIgniter\CodeIgniter->run()
#11 C:\Users\Suluh\Desktop\project\jobapp\Job-App\jobseeker-backend\vendor\codeigniter4\framework\system\Commands\Server\rewrite.php(47): require_once('C:\\Users\\Suluh\\...')
#12 {main}
CRITICAL - 2023-09-27 12:44:44 --> Table 'jobseeker.mdladmins' doesn't exist
in SYSTEMPATH\Database\BaseConnection.php on line 646.
 1 SYSTEMPATH\Database\BaseBuilder.php(1699): CodeIgniter\Database\BaseConnection->query('SELECT COUNT(*) AS `numrows`
FROM `mdladmins`', [], false)
 2 SYSTEMPATH\Model.php(599): CodeIgniter\Database\BaseBuilder->countAllResults(false)
 3 SYSTEMPATH\BaseModel.php(1203): CodeIgniter\Model->countAllResults(false)
 4 APPPATH\Controllers\Api\ApiAdmin.php(26): CodeIgniter\BaseModel->paginate(2, 'default', 1)
 5 SYSTEMPATH\CodeIgniter.php(919): App\Controllers\Api\ApiAdmin->page()
 6 SYSTEMPATH\CodeIgniter.php(494): CodeIgniter\CodeIgniter->runController(Object(App\Controllers\Api\ApiAdmin))
 7 SYSTEMPATH\CodeIgniter.php(353): CodeIgniter\CodeIgniter->handleRequest(null, Object(Config\Cache), false)
 8 FCPATH\index.php(79): CodeIgniter\CodeIgniter->run()
 9 SYSTEMPATH\Commands\Server\rewrite.php(47): require_once('C:\\Users\\Suluh\\Desktop\\project\\jobapp\\Job-App\\jobseeker-backend\\public\\index.php')
CRITICAL - 2023-09-27 13:53:29 --> Undefined array key 2
in APPPATH\Libraries\JWTCI4.php on line 86.
 1 APPPATH\Libraries\JWTCI4.php(86): CodeIgniter\Debug\Exceptions->errorHandler(2, 'Undefined array key 2', 'C:\\Users\\Suluh\\Desktop\\project\\jobapp\\Job-App\\jobseeker-backend\\app\\Libraries\\JWTCI4.php', 86)
 2 APPPATH\Libraries\JWTCI4.php(64): App\Libraries\JWTCI4->getBearerToken([...])
 3 APPPATH\Filters\AuthFilter.php(39): App\Libraries\JWTCI4->parse(Object(CodeIgniter\HTTP\Header))
 4 SYSTEMPATH\Filters\Filters.php(182): App\Filters\AuthFilter->before(Object(CodeIgniter\HTTP\IncomingRequest), null)
 5 SYSTEMPATH\CodeIgniter.php(466): CodeIgniter\Filters\Filters->run('api/admin', 'before')
 6 SYSTEMPATH\CodeIgniter.php(353): CodeIgniter\CodeIgniter->handleRequest(null, Object(Config\Cache), false)
 7 FCPATH\index.php(79): CodeIgniter\CodeIgniter->run()
 8 SYSTEMPATH\Commands\Server\rewrite.php(47): require_once('C:\\Users\\Suluh\\Desktop\\project\\jobapp\\Job-App\\jobseeker-backend\\public\\index.php')
CRITICAL - 2023-09-27 15:18:43 --> Undefined array key 2
in APPPATH\Libraries\JWTCI4.php on line 86.
 1 APPPATH\Libraries\JWTCI4.php(86): CodeIgniter\Debug\Exceptions->errorHandler(2, 'Undefined array key 2', 'C:\\Users\\Suluh\\Desktop\\project\\jobapp\\Job-App\\jobseeker-backend\\app\\Libraries\\JWTCI4.php', 86)
 2 APPPATH\Libraries\JWTCI4.php(64): App\Libraries\JWTCI4->getBearerToken([...])
 3 APPPATH\Filters\AuthFilter.php(39): App\Libraries\JWTCI4->parse(Object(CodeIgniter\HTTP\Header))
 4 SYSTEMPATH\Filters\Filters.php(182): App\Filters\AuthFilter->before(Object(CodeIgniter\HTTP\IncomingRequest), null)
 5 SYSTEMPATH\CodeIgniter.php(466): CodeIgniter\Filters\Filters->run('api/admin', 'before')
 6 SYSTEMPATH\CodeIgniter.php(353): CodeIgniter\CodeIgniter->handleRequest(null, Object(Config\Cache), false)
 7 FCPATH\index.php(79): CodeIgniter\CodeIgniter->run()
 8 SYSTEMPATH\Commands\Server\rewrite.php(47): require_once('C:\\Users\\Suluh\\Desktop\\project\\jobapp\\Job-App\\jobseeker-backend\\public\\index.php')
CRITICAL - 2023-09-27 15:19:58 --> Undefined array key 2
in APPPATH\Libraries\JWTCI4.php on line 86.
 1 APPPATH\Libraries\JWTCI4.php(86): CodeIgniter\Debug\Exceptions->errorHandler(2, 'Undefined array key 2', 'C:\\Users\\Suluh\\Desktop\\project\\jobapp\\Job-App\\jobseeker-backend\\app\\Libraries\\JWTCI4.php', 86)
 2 APPPATH\Libraries\JWTCI4.php(64): App\Libraries\JWTCI4->getBearerToken([...])
 3 APPPATH\Filters\AuthFilter.php(39): App\Libraries\JWTCI4->parse(Object(CodeIgniter\HTTP\Header))
 4 SYSTEMPATH\Filters\Filters.php(182): App\Filters\AuthFilter->before(Object(CodeIgniter\HTTP\IncomingRequest), null)
 5 SYSTEMPATH\CodeIgniter.php(466): CodeIgniter\Filters\Filters->run('api/admin', 'before')
 6 SYSTEMPATH\CodeIgniter.php(353): CodeIgniter\CodeIgniter->handleRequest(null, Object(Config\Cache), false)
 7 FCPATH\index.php(79): CodeIgniter\CodeIgniter->run()
 8 SYSTEMPATH\Commands\Server\rewrite.php(47): require_once('C:\\Users\\Suluh\\Desktop\\project\\jobapp\\Job-App\\jobseeker-backend\\public\\index.php')
CRITICAL - 2023-09-27 15:22:31 --> Undefined array key 2
in APPPATH\Libraries\JWTCI4.php on line 86.
 1 APPPATH\Libraries\JWTCI4.php(86): CodeIgniter\Debug\Exceptions->errorHandler(2, 'Undefined array key 2', 'C:\\Users\\Suluh\\Desktop\\project\\jobapp\\Job-App\\jobseeker-backend\\app\\Libraries\\JWTCI4.php', 86)
 2 APPPATH\Libraries\JWTCI4.php(64): App\Libraries\JWTCI4->getBearerToken([...])
 3 APPPATH\Filters\AuthFilter.php(39): App\Libraries\JWTCI4->parse(Object(CodeIgniter\HTTP\Header))
 4 SYSTEMPATH\Filters\Filters.php(182): App\Filters\AuthFilter->before(Object(CodeIgniter\HTTP\IncomingRequest), null)
 5 SYSTEMPATH\CodeIgniter.php(466): CodeIgniter\Filters\Filters->run('api/admin', 'before')
 6 SYSTEMPATH\CodeIgniter.php(353): CodeIgniter\CodeIgniter->handleRequest(null, Object(Config\Cache), false)
 7 FCPATH\index.php(79): CodeIgniter\CodeIgniter->run()
 8 SYSTEMPATH\Commands\Server\rewrite.php(47): require_once('C:\\Users\\Suluh\\Desktop\\project\\jobapp\\Job-App\\jobseeker-backend\\public\\index.php')
CRITICAL - 2023-09-27 19:57:39 --> Class "App\Libraries\JWTCI4ADMIN" not found
in APPPATH\Controllers\Api\AuthControllerAdmin.php on line 27.
 1 SYSTEMPATH\CodeIgniter.php(919): App\Controllers\Api\AuthControllerAdmin->login()
 2 SYSTEMPATH\CodeIgniter.php(494): CodeIgniter\CodeIgniter->runController(Object(App\Controllers\Api\AuthControllerAdmin))
 3 SYSTEMPATH\CodeIgniter.php(353): CodeIgniter\CodeIgniter->handleRequest(null, Object(Config\Cache), false)
 4 FCPATH\index.php(79): CodeIgniter\CodeIgniter->run()
 5 SYSTEMPATH\Commands\Server\rewrite.php(47): require_once('C:\\Users\\Suluh\\Desktop\\project\\jobapp\\Job-App\\jobseeker-backend\\public\\index.php')
CRITICAL - 2023-09-27 19:58:25 --> Class "App\Libraries\JWTCI4ADMIN" not found
in APPPATH\Controllers\Api\AuthControllerAdmin.php on line 27.
 1 SYSTEMPATH\CodeIgniter.php(919): App\Controllers\Api\AuthControllerAdmin->login()
 2 SYSTEMPATH\CodeIgniter.php(494): CodeIgniter\CodeIgniter->runController(Object(App\Controllers\Api\AuthControllerAdmin))
 3 SYSTEMPATH\CodeIgniter.php(353): CodeIgniter\CodeIgniter->handleRequest(null, Object(Config\Cache), false)
 4 FCPATH\index.php(79): CodeIgniter\CodeIgniter->run()
 5 SYSTEMPATH\Commands\Server\rewrite.php(47): require_once('C:\\Users\\Suluh\\Desktop\\project\\jobapp\\Job-App\\jobseeker-backend\\public\\index.php')
CRITICAL - 2023-09-27 20:03:59 --> Class "App\Filters\JWTCI4ADMIN" not found
in APPPATH\Filters\AuthFilterAdmin.php on line 38.
 1 SYSTEMPATH\Filters\Filters.php(182): App\Filters\AuthFilterAdmin->before(Object(CodeIgniter\HTTP\IncomingRequest), null)
 2 SYSTEMPATH\CodeIgniter.php(466): CodeIgniter\Filters\Filters->run('api/admin', 'before')
 3 SYSTEMPATH\CodeIgniter.php(353): CodeIgniter\CodeIgniter->handleRequest(null, Object(Config\Cache), false)
 4 FCPATH\index.php(79): CodeIgniter\CodeIgniter->run()
 5 SYSTEMPATH\Commands\Server\rewrite.php(47): require_once('C:\\Users\\Suluh\\Desktop\\project\\jobapp\\Job-App\\jobseeker-backend\\public\\index.php')
CRITICAL - 2023-09-27 20:04:10 --> Class "App\Filters\JWTCI4ADMIN" not found
in APPPATH\Filters\AuthFilterAdmin.php on line 38.
 1 SYSTEMPATH\Filters\Filters.php(182): App\Filters\AuthFilterAdmin->before(Object(CodeIgniter\HTTP\IncomingRequest), null)
 2 SYSTEMPATH\CodeIgniter.php(466): CodeIgniter\Filters\Filters->run('api/admin', 'before')
 3 SYSTEMPATH\CodeIgniter.php(353): CodeIgniter\CodeIgniter->handleRequest(null, Object(Config\Cache), false)
 4 FCPATH\index.php(79): CodeIgniter\CodeIgniter->run()
 5 SYSTEMPATH\Commands\Server\rewrite.php(47): require_once('C:\\Users\\Suluh\\Desktop\\project\\jobapp\\Job-App\\jobseeker-backend\\public\\index.php')
