CRITICAL - 2023-10-29 00:00:30 --> Key material must be a string, resource, or OpenSSLAsymmetricKey
in VENDORPATH\firebase\php-jwt\src\Key.php on line 31.
 1 APPPATH\Libraries\JWTCI4.php(68): Firebase\JWT\Key->__construct(false, 'HS256')
 2 APPPATH\Filters\AuthFilter.php(39): App\Libraries\JWTCI4->parse(Object(CodeIgniter\HTTP\Header))
 3 SYSTEMPATH\Filters\Filters.php(180): App\Filters\AuthFilter->before(Object(CodeIgniter\HTTP\IncomingRequest), null)
 4 SYSTEMPATH\CodeIgniter.php(466): CodeIgniter\Filters\Filters->run('api/apply/check/1/1', 'before')
 5 SYSTEMPATH\CodeIgniter.php(353): CodeIgniter\CodeIgniter->handleRequest(null, Object(Config\Cache), false)
 6 FCPATH\index.php(79): CodeIgniter\CodeIgniter->run()
CRITICAL - 2023-10-29 00:05:24 --> Key material must be a string, resource, or OpenSSLAsymmetricKey
in VENDORPATH\firebase\php-jwt\src\Key.php on line 31.
 1 APPPATH\Libraries\JWTCI4.php(68): Firebase\JWT\Key->__construct(false, 'HS256')
 2 APPPATH\Filters\AuthFilter.php(39): App\Libraries\JWTCI4->parse(Object(CodeIgniter\HTTP\Header))
 3 SYSTEMPATH\Filters\Filters.php(180): App\Filters\AuthFilter->before(Object(CodeIgniter\HTTP\IncomingRequest), null)
 4 SYSTEMPATH\CodeIgniter.php(466): CodeIgniter\Filters\Filters->run('api/apply/check/1/1', 'before')
 5 SYSTEMPATH\CodeIgniter.php(353): CodeIgniter\CodeIgniter->handleRequest(null, Object(Config\Cache), false)
 6 FCPATH\index.php(79): CodeIgniter\CodeIgniter->run()
CRITICAL - 2023-10-29 00:15:23 --> Key material must be a string, resource, or OpenSSLAsymmetricKey
in VENDORPATH\firebase\php-jwt\src\Key.php on line 31.
 1 APPPATH\Libraries\JWTCI4.php(68): Firebase\JWT\Key->__construct(false, 'HS256')
 2 APPPATH\Filters\AuthFilter.php(39): App\Libraries\JWTCI4->parse(Object(CodeIgniter\HTTP\Header))
 3 SYSTEMPATH\Filters\Filters.php(180): App\Filters\AuthFilter->before(Object(CodeIgniter\HTTP\IncomingRequest), null)
 4 SYSTEMPATH\CodeIgniter.php(466): CodeIgniter\Filters\Filters->run('api/apply/check/1/1', 'before')
 5 SYSTEMPATH\CodeIgniter.php(353): CodeIgniter\CodeIgniter->handleRequest(null, Object(Config\Cache), false)
 6 FCPATH\index.php(79): CodeIgniter\CodeIgniter->run()
CRITICAL - 2023-10-29 00:28:48 --> Key material must be a string, resource, or OpenSSLAsymmetricKey
in VENDORPATH\firebase\php-jwt\src\Key.php on line 31.
 1 APPPATH\Libraries\JWTCI4.php(68): Firebase\JWT\Key->__construct(false, 'HS256')
 2 APPPATH\Filters\AuthFilter.php(39): App\Libraries\JWTCI4->parse(Object(CodeIgniter\HTTP\Header))
 3 SYSTEMPATH\Filters\Filters.php(180): App\Filters\AuthFilter->before(Object(CodeIgniter\HTTP\IncomingRequest), null)
 4 SYSTEMPATH\CodeIgniter.php(466): CodeIgniter\Filters\Filters->run('api/apply/check/1/1', 'before')
 5 SYSTEMPATH\CodeIgniter.php(353): CodeIgniter\CodeIgniter->handleRequest(null, Object(Config\Cache), false)
 6 FCPATH\index.php(79): CodeIgniter\CodeIgniter->run()
CRITICAL - 2023-10-29 00:31:06 --> Key material must be a string, resource, or OpenSSLAsymmetricKey
in VENDORPATH\firebase\php-jwt\src\Key.php on line 31.
 1 APPPATH\Libraries\JWTCI4.php(68): Firebase\JWT\Key->__construct(false, 'HS256')
 2 APPPATH\Filters\AuthFilter.php(39): App\Libraries\JWTCI4->parse(Object(CodeIgniter\HTTP\Header))
 3 SYSTEMPATH\Filters\Filters.php(180): App\Filters\AuthFilter->before(Object(CodeIgniter\HTTP\IncomingRequest), null)
 4 SYSTEMPATH\CodeIgniter.php(466): CodeIgniter\Filters\Filters->run('api/apply/check/1/1', 'before')
 5 SYSTEMPATH\CodeIgniter.php(353): CodeIgniter\CodeIgniter->handleRequest(null, Object(Config\Cache), false)
 6 FCPATH\index.php(79): CodeIgniter\CodeIgniter->run()
CRITICAL - 2023-10-29 00:35:04 --> Key material must be a string, resource, or OpenSSLAsymmetricKey
in VENDORPATH\firebase\php-jwt\src\Key.php on line 31.
 1 APPPATH\Libraries\JWTCI4.php(68): Firebase\JWT\Key->__construct(false, 'HS256')
 2 APPPATH\Filters\AuthFilter.php(39): App\Libraries\JWTCI4->parse(Object(CodeIgniter\HTTP\Header))
 3 SYSTEMPATH\Filters\Filters.php(180): App\Filters\AuthFilter->before(Object(CodeIgniter\HTTP\IncomingRequest), null)
 4 SYSTEMPATH\CodeIgniter.php(466): CodeIgniter\Filters\Filters->run('api/apply/check/1/1', 'before')
 5 SYSTEMPATH\CodeIgniter.php(353): CodeIgniter\CodeIgniter->handleRequest(null, Object(Config\Cache), false)
 6 FCPATH\index.php(79): CodeIgniter\CodeIgniter->run()
CRITICAL - 2023-10-29 00:36:05 --> Key material must be a string, resource, or OpenSSLAsymmetricKey
in VENDORPATH\firebase\php-jwt\src\Key.php on line 31.
 1 APPPATH\Libraries\JWTCI4.php(68): Firebase\JWT\Key->__construct(false, 'HS256')
 2 APPPATH\Filters\AuthFilter.php(39): App\Libraries\JWTCI4->parse(Object(CodeIgniter\HTTP\Header))
 3 SYSTEMPATH\Filters\Filters.php(180): App\Filters\AuthFilter->before(Object(CodeIgniter\HTTP\IncomingRequest), null)
 4 SYSTEMPATH\CodeIgniter.php(466): CodeIgniter\Filters\Filters->run('api/apply/check/1/1', 'before')
 5 SYSTEMPATH\CodeIgniter.php(353): CodeIgniter\CodeIgniter->handleRequest(null, Object(Config\Cache), false)
 6 FCPATH\index.php(79): CodeIgniter\CodeIgniter->run()
CRITICAL - 2023-10-29 00:37:41 --> Key material must be a string, resource, or OpenSSLAsymmetricKey
in VENDORPATH\firebase\php-jwt\src\Key.php on line 31.
 1 APPPATH\Libraries\JWTCI4.php(68): Firebase\JWT\Key->__construct(false, 'HS256')
 2 APPPATH\Filters\AuthFilter.php(39): App\Libraries\JWTCI4->parse(Object(CodeIgniter\HTTP\Header))
 3 SYSTEMPATH\Filters\Filters.php(180): App\Filters\AuthFilter->before(Object(CodeIgniter\HTTP\IncomingRequest), null)
 4 SYSTEMPATH\CodeIgniter.php(466): CodeIgniter\Filters\Filters->run('api/apply/check/1/1', 'before')
 5 SYSTEMPATH\CodeIgniter.php(353): CodeIgniter\CodeIgniter->handleRequest(null, Object(Config\Cache), false)
 6 FCPATH\index.php(79): CodeIgniter\CodeIgniter->run()
