CRITICAL - 2023-11-05 03:41:27 --> Undefined array key 0
in APPPATH\Controllers\Api\ResourceFile.php on line 15.
 1 APPPATH\Controllers\Api\ResourceFile.php(15): CodeIgniter\Debug\Exceptions->errorHandler(2, 'Undefined array key 0', 'D:\\project\\jobapp\\Job-App\\backend-Job-App\\app\\Controllers\\Api\\ResourceFile.php', 15)
 2 SYSTEMPATH\CodeIgniter.php(919): App\Controllers\Api\ResourceFile->show('2')
 3 SYSTEMPATH\CodeIgniter.php(494): CodeIgniter\CodeIgniter->runController(Object(App\Controllers\Api\ResourceFile))
 4 SYSTEMPATH\CodeIgniter.php(353): CodeIgniter\CodeIgniter->handleRequest(null, Object(Config\Cache), false)
 5 FCPATH\index.php(79): CodeIgniter\CodeIgniter->run()
CRITICAL - 2023-11-05 19:19:11 --> Undefined array key 0
in APPPATH\Controllers\Api\ResourceFile.php on line 15.
 1 APPPATH\Controllers\Api\ResourceFile.php(15): CodeIgniter\Debug\Exceptions->errorHandler(2, 'Undefined array key 0', 'D:\\project\\jobapp\\Job-App\\backend-Job-App\\app\\Controllers\\Api\\ResourceFile.php', 15)
 2 SYSTEMPATH\CodeIgniter.php(919): App\Controllers\Api\ResourceFile->show('2')
 3 SYSTEMPATH\CodeIgniter.php(494): CodeIgniter\CodeIgniter->runController(Object(App\Controllers\Api\ResourceFile))
 4 SYSTEMPATH\CodeIgniter.php(353): CodeIgniter\CodeIgniter->handleRequest(null, Object(Config\Cache), false)
 5 FCPATH\index.php(79): CodeIgniter\CodeIgniter->run()
CRITICAL - 2023-11-05 19:21:39 --> Undefined array key 0
in APPPATH\Controllers\Api\ResourceFile.php on line 15.
 1 APPPATH\Controllers\Api\ResourceFile.php(15): CodeIgniter\Debug\Exceptions->errorHandler(2, 'Undefined array key 0', 'D:\\project\\jobapp\\Job-App\\backend-Job-App\\app\\Controllers\\Api\\ResourceFile.php', 15)
 2 SYSTEMPATH\CodeIgniter.php(919): App\Controllers\Api\ResourceFile->show('2')
 3 SYSTEMPATH\CodeIgniter.php(494): CodeIgniter\CodeIgniter->runController(Object(App\Controllers\Api\ResourceFile))
 4 SYSTEMPATH\CodeIgniter.php(353): CodeIgniter\CodeIgniter->handleRequest(null, Object(Config\Cache), false)
 5 FCPATH\index.php(79): CodeIgniter\CodeIgniter->run()
CRITICAL - 2023-11-05 19:22:45 --> Undefined array key 0
in APPPATH\Controllers\Api\ResourceFile.php on line 15.
 1 APPPATH\Controllers\Api\ResourceFile.php(15): CodeIgniter\Debug\Exceptions->errorHandler(2, 'Undefined array key 0', 'D:\\project\\jobapp\\Job-App\\backend-Job-App\\app\\Controllers\\Api\\ResourceFile.php', 15)
 2 SYSTEMPATH\CodeIgniter.php(919): App\Controllers\Api\ResourceFile->show('2')
 3 SYSTEMPATH\CodeIgniter.php(494): CodeIgniter\CodeIgniter->runController(Object(App\Controllers\Api\ResourceFile))
 4 SYSTEMPATH\CodeIgniter.php(353): CodeIgniter\CodeIgniter->handleRequest(null, Object(Config\Cache), false)
 5 FCPATH\index.php(79): CodeIgniter\CodeIgniter->run()
CRITICAL - 2023-11-05 19:22:51 --> Undefined array key 0
in APPPATH\Controllers\Api\ResourceFile.php on line 15.
 1 APPPATH\Controllers\Api\ResourceFile.php(15): CodeIgniter\Debug\Exceptions->errorHandler(2, 'Undefined array key 0', 'D:\\project\\jobapp\\Job-App\\backend-Job-App\\app\\Controllers\\Api\\ResourceFile.php', 15)
 2 SYSTEMPATH\CodeIgniter.php(919): App\Controllers\Api\ResourceFile->show('2')
 3 SYSTEMPATH\CodeIgniter.php(494): CodeIgniter\CodeIgniter->runController(Object(App\Controllers\Api\ResourceFile))
 4 SYSTEMPATH\CodeIgniter.php(353): CodeIgniter\CodeIgniter->handleRequest(null, Object(Config\Cache), false)
 5 FCPATH\index.php(79): CodeIgniter\CodeIgniter->run()
CRITICAL - 2023-11-05 19:23:00 --> Undefined array key 0
in APPPATH\Controllers\Api\ResourceFile.php on line 15.
 1 APPPATH\Controllers\Api\ResourceFile.php(15): CodeIgniter\Debug\Exceptions->errorHandler(2, 'Undefined array key 0', 'D:\\project\\jobapp\\Job-App\\backend-Job-App\\app\\Controllers\\Api\\ResourceFile.php', 15)
 2 SYSTEMPATH\CodeIgniter.php(919): App\Controllers\Api\ResourceFile->show('2')
 3 SYSTEMPATH\CodeIgniter.php(494): CodeIgniter\CodeIgniter->runController(Object(App\Controllers\Api\ResourceFile))
 4 SYSTEMPATH\CodeIgniter.php(353): CodeIgniter\CodeIgniter->handleRequest(null, Object(Config\Cache), false)
 5 FCPATH\index.php(79): CodeIgniter\CodeIgniter->run()
CRITICAL - 2023-11-05 19:24:56 --> Undefined array key 0
in APPPATH\Controllers\Api\ResourceFile.php on line 15.
 1 APPPATH\Controllers\Api\ResourceFile.php(15): CodeIgniter\Debug\Exceptions->errorHandler(2, 'Undefined array key 0', 'D:\\project\\jobapp\\Job-App\\backend-Job-App\\app\\Controllers\\Api\\ResourceFile.php', 15)
 2 SYSTEMPATH\CodeIgniter.php(919): App\Controllers\Api\ResourceFile->show('2')
 3 SYSTEMPATH\CodeIgniter.php(494): CodeIgniter\CodeIgniter->runController(Object(App\Controllers\Api\ResourceFile))
 4 SYSTEMPATH\CodeIgniter.php(353): CodeIgniter\CodeIgniter->handleRequest(null, Object(Config\Cache), false)
 5 FCPATH\index.php(79): CodeIgniter\CodeIgniter->run()
CRITICAL - 2023-11-05 19:25:02 --> Undefined array key 0
in APPPATH\Controllers\Api\ResourceFile.php on line 15.
 1 APPPATH\Controllers\Api\ResourceFile.php(15): CodeIgniter\Debug\Exceptions->errorHandler(2, 'Undefined array key 0', 'D:\\project\\jobapp\\Job-App\\backend-Job-App\\app\\Controllers\\Api\\ResourceFile.php', 15)
 2 SYSTEMPATH\CodeIgniter.php(919): App\Controllers\Api\ResourceFile->show('2')
 3 SYSTEMPATH\CodeIgniter.php(494): CodeIgniter\CodeIgniter->runController(Object(App\Controllers\Api\ResourceFile))
 4 SYSTEMPATH\CodeIgniter.php(353): CodeIgniter\CodeIgniter->handleRequest(null, Object(Config\Cache), false)
 5 FCPATH\index.php(79): CodeIgniter\CodeIgniter->run()
CRITICAL - 2023-11-05 19:25:34 --> Undefined array key 0
in APPPATH\Controllers\Api\ResourceFile.php on line 15.
 1 APPPATH\Controllers\Api\ResourceFile.php(15): CodeIgniter\Debug\Exceptions->errorHandler(2, 'Undefined array key 0', 'D:\\project\\jobapp\\Job-App\\backend-Job-App\\app\\Controllers\\Api\\ResourceFile.php', 15)
 2 SYSTEMPATH\CodeIgniter.php(919): App\Controllers\Api\ResourceFile->show('2')
 3 SYSTEMPATH\CodeIgniter.php(494): CodeIgniter\CodeIgniter->runController(Object(App\Controllers\Api\ResourceFile))
 4 SYSTEMPATH\CodeIgniter.php(353): CodeIgniter\CodeIgniter->handleRequest(null, Object(Config\Cache), false)
 5 FCPATH\index.php(79): CodeIgniter\CodeIgniter->run()
CRITICAL - 2023-11-05 19:25:39 --> Undefined array key 0
in APPPATH\Controllers\Api\ResourceFile.php on line 15.
 1 APPPATH\Controllers\Api\ResourceFile.php(15): CodeIgniter\Debug\Exceptions->errorHandler(2, 'Undefined array key 0', 'D:\\project\\jobapp\\Job-App\\backend-Job-App\\app\\Controllers\\Api\\ResourceFile.php', 15)
 2 SYSTEMPATH\CodeIgniter.php(919): App\Controllers\Api\ResourceFile->show('2')
 3 SYSTEMPATH\CodeIgniter.php(494): CodeIgniter\CodeIgniter->runController(Object(App\Controllers\Api\ResourceFile))
 4 SYSTEMPATH\CodeIgniter.php(353): CodeIgniter\CodeIgniter->handleRequest(null, Object(Config\Cache), false)
 5 FCPATH\index.php(79): CodeIgniter\CodeIgniter->run()
CRITICAL - 2023-11-05 19:25:43 --> Undefined array key 0
in APPPATH\Controllers\Api\ResourceFile.php on line 15.
 1 APPPATH\Controllers\Api\ResourceFile.php(15): CodeIgniter\Debug\Exceptions->errorHandler(2, 'Undefined array key 0', 'D:\\project\\jobapp\\Job-App\\backend-Job-App\\app\\Controllers\\Api\\ResourceFile.php', 15)
 2 SYSTEMPATH\CodeIgniter.php(919): App\Controllers\Api\ResourceFile->show('2')
 3 SYSTEMPATH\CodeIgniter.php(494): CodeIgniter\CodeIgniter->runController(Object(App\Controllers\Api\ResourceFile))
 4 SYSTEMPATH\CodeIgniter.php(353): CodeIgniter\CodeIgniter->handleRequest(null, Object(Config\Cache), false)
 5 FCPATH\index.php(79): CodeIgniter\CodeIgniter->run()
CRITICAL - 2023-11-05 19:26:58 --> Undefined array key 0
in APPPATH\Controllers\Api\ResourceFile.php on line 15.
 1 APPPATH\Controllers\Api\ResourceFile.php(15): CodeIgniter\Debug\Exceptions->errorHandler(2, 'Undefined array key 0', 'D:\\project\\jobapp\\Job-App\\backend-Job-App\\app\\Controllers\\Api\\ResourceFile.php', 15)
 2 SYSTEMPATH\CodeIgniter.php(919): App\Controllers\Api\ResourceFile->show('2')
 3 SYSTEMPATH\CodeIgniter.php(494): CodeIgniter\CodeIgniter->runController(Object(App\Controllers\Api\ResourceFile))
 4 SYSTEMPATH\CodeIgniter.php(353): CodeIgniter\CodeIgniter->handleRequest(null, Object(Config\Cache), false)
 5 FCPATH\index.php(79): CodeIgniter\CodeIgniter->run()
CRITICAL - 2023-11-05 19:27:43 --> Undefined array key 0
in APPPATH\Controllers\Api\ResourceFile.php on line 15.
 1 APPPATH\Controllers\Api\ResourceFile.php(15): CodeIgniter\Debug\Exceptions->errorHandler(2, 'Undefined array key 0', 'D:\\project\\jobapp\\Job-App\\backend-Job-App\\app\\Controllers\\Api\\ResourceFile.php', 15)
 2 SYSTEMPATH\CodeIgniter.php(919): App\Controllers\Api\ResourceFile->show('2')
 3 SYSTEMPATH\CodeIgniter.php(494): CodeIgniter\CodeIgniter->runController(Object(App\Controllers\Api\ResourceFile))
 4 SYSTEMPATH\CodeIgniter.php(353): CodeIgniter\CodeIgniter->handleRequest(null, Object(Config\Cache), false)
 5 FCPATH\index.php(79): CodeIgniter\CodeIgniter->run()
CRITICAL - 2023-11-05 19:28:30 --> Undefined array key 0
in APPPATH\Controllers\Api\ResourceFile.php on line 17.
 1 APPPATH\Controllers\Api\ResourceFile.php(17): CodeIgniter\Debug\Exceptions->errorHandler(2, 'Undefined array key 0', 'D:\\project\\jobapp\\Job-App\\backend-Job-App\\app\\Controllers\\Api\\ResourceFile.php', 17)
 2 SYSTEMPATH\CodeIgniter.php(919): App\Controllers\Api\ResourceFile->show('2')
 3 SYSTEMPATH\CodeIgniter.php(494): CodeIgniter\CodeIgniter->runController(Object(App\Controllers\Api\ResourceFile))
 4 SYSTEMPATH\CodeIgniter.php(353): CodeIgniter\CodeIgniter->handleRequest(null, Object(Config\Cache), false)
 5 FCPATH\index.php(79): CodeIgniter\CodeIgniter->run()
CRITICAL - 2023-11-05 19:29:33 --> Call to a member function numRows() on array
in APPPATH\Controllers\Api\ResourceFile.php on line 16.
 1 SYSTEMPATH\CodeIgniter.php(919): App\Controllers\Api\ResourceFile->show('2')
 2 SYSTEMPATH\CodeIgniter.php(494): CodeIgniter\CodeIgniter->runController(Object(App\Controllers\Api\ResourceFile))
 3 SYSTEMPATH\CodeIgniter.php(353): CodeIgniter\CodeIgniter->handleRequest(null, Object(Config\Cache), false)
 4 FCPATH\index.php(79): CodeIgniter\CodeIgniter->run()
CRITICAL - 2023-11-05 19:30:15 --> Call to a member function countAllResults() on array
in APPPATH\Controllers\Api\ResourceFile.php on line 16.
 1 SYSTEMPATH\CodeIgniter.php(919): App\Controllers\Api\ResourceFile->show('2')
 2 SYSTEMPATH\CodeIgniter.php(494): CodeIgniter\CodeIgniter->runController(Object(App\Controllers\Api\ResourceFile))
 3 SYSTEMPATH\CodeIgniter.php(353): CodeIgniter\CodeIgniter->handleRequest(null, Object(Config\Cache), false)
 4 FCPATH\index.php(79): CodeIgniter\CodeIgniter->run()
CRITICAL - 2023-11-05 19:30:16 --> Call to a member function countAllResults() on array
in APPPATH\Controllers\Api\ResourceFile.php on line 16.
 1 SYSTEMPATH\CodeIgniter.php(919): App\Controllers\Api\ResourceFile->show('2')
 2 SYSTEMPATH\CodeIgniter.php(494): CodeIgniter\CodeIgniter->runController(Object(App\Controllers\Api\ResourceFile))
 3 SYSTEMPATH\CodeIgniter.php(353): CodeIgniter\CodeIgniter->handleRequest(null, Object(Config\Cache), false)
 4 FCPATH\index.php(79): CodeIgniter\CodeIgniter->run()
CRITICAL - 2023-11-05 19:30:29 --> Call to a member function countAll() on array
in APPPATH\Controllers\Api\ResourceFile.php on line 16.
 1 SYSTEMPATH\CodeIgniter.php(919): App\Controllers\Api\ResourceFile->show('2')
 2 SYSTEMPATH\CodeIgniter.php(494): CodeIgniter\CodeIgniter->runController(Object(App\Controllers\Api\ResourceFile))
 3 SYSTEMPATH\CodeIgniter.php(353): CodeIgniter\CodeIgniter->handleRequest(null, Object(Config\Cache), false)
 4 FCPATH\index.php(79): CodeIgniter\CodeIgniter->run()
