CRITICAL - 2023-11-10 03:48:17 --> Undefined variable $data
in APPPATH\Controllers\Api\ApiPendidikanPelamar.php on line 73.
 1 APPPATH\Controllers\Api\ApiPendidikanPelamar.php(73): CodeIgniter\Debug\Exceptions->errorHandler(2, 'Undefined variable $data', 'D:\\project\\jobapp\\Job-App\\backend-Job-App\\app\\Controllers\\Api\\ApiPendidikanPelamar.php', 73)
 2 SYSTEMPATH\CodeIgniter.php(919): App\Controllers\Api\ApiPendidikanPelamar->create()
 3 SYSTEMPATH\CodeIgniter.php(494): CodeIgniter\CodeIgniter->runController(Object(App\Controllers\Api\ApiPendidikanPelamar))
 4 SYSTEMPATH\CodeIgniter.php(353): CodeIgniter\CodeIgniter->handleRequest(null, Object(Config\Cache), false)
 5 FCPATH\index.php(79): CodeIgniter\CodeIgniter->run()
CRITICAL - 2023-11-10 03:48:27 --> Undefined variable $data
in APPPATH\Controllers\Api\ApiPendidikanPelamar.php on line 73.
 1 APPPATH\Controllers\Api\ApiPendidikanPelamar.php(73): CodeIgniter\Debug\Exceptions->errorHandler(2, 'Undefined variable $data', 'D:\\project\\jobapp\\Job-App\\backend-Job-App\\app\\Controllers\\Api\\ApiPendidikanPelamar.php', 73)
 2 SYSTEMPATH\CodeIgniter.php(919): App\Controllers\Api\ApiPendidikanPelamar->create()
 3 SYSTEMPATH\CodeIgniter.php(494): CodeIgniter\CodeIgniter->runController(Object(App\Controllers\Api\ApiPendidikanPelamar))
 4 SYSTEMPATH\CodeIgniter.php(353): CodeIgniter\CodeIgniter->handleRequest(null, Object(Config\Cache), false)
 5 FCPATH\index.php(79): CodeIgniter\CodeIgniter->run()
CRITICAL - 2023-11-10 03:52:13 --> syntax error, unexpected token "[", expecting ":"
in APPPATH\Controllers\Api\ApiPendidikanPelamar.php on line 76.
 1 SYSTEMPATH\Autoloader\Autoloader.php(285): CodeIgniter\Autoloader\Autoloader->includeFile('D:\\project\\jobapp\\Job-App\\backend-Job-App\\app\\Controllers\\Api\\ApiPendidikanPelamar.php')
 2 SYSTEMPATH\Autoloader\Autoloader.php(263): CodeIgniter\Autoloader\Autoloader->loadInNamespace('App\\Controllers\\Api\\ApiPendidikanPelamar')
 3 [internal function]: CodeIgniter\Autoloader\Autoloader->loadClass('App\\Controllers\\Api\\ApiPendidikanPelamar')
 4 SYSTEMPATH\CodeIgniter.php(877): class_exists('\\App\\Controllers\\Api\\ApiPendidikanPelamar', true)
 5 SYSTEMPATH\CodeIgniter.php(481): CodeIgniter\CodeIgniter->startController()
 6 SYSTEMPATH\CodeIgniter.php(353): CodeIgniter\CodeIgniter->handleRequest(null, Object(Config\Cache), false)
 7 FCPATH\index.php(79): CodeIgniter\CodeIgniter->run()
CRITICAL - 2023-11-10 03:52:22 --> syntax error, unexpected token "[", expecting ":"
in APPPATH\Controllers\Api\ApiPendidikanPelamar.php on line 76.
 1 SYSTEMPATH\Autoloader\Autoloader.php(285): CodeIgniter\Autoloader\Autoloader->includeFile('D:\\project\\jobapp\\Job-App\\backend-Job-App\\app\\Controllers\\Api\\ApiPendidikanPelamar.php')
 2 SYSTEMPATH\Autoloader\Autoloader.php(263): CodeIgniter\Autoloader\Autoloader->loadInNamespace('App\\Controllers\\Api\\ApiPendidikanPelamar')
 3 [internal function]: CodeIgniter\Autoloader\Autoloader->loadClass('App\\Controllers\\Api\\ApiPendidikanPelamar')
 4 SYSTEMPATH\CodeIgniter.php(877): class_exists('\\App\\Controllers\\Api\\ApiPendidikanPelamar', true)
 5 SYSTEMPATH\CodeIgniter.php(481): CodeIgniter\CodeIgniter->startController()
 6 SYSTEMPATH\CodeIgniter.php(353): CodeIgniter\CodeIgniter->handleRequest(null, Object(Config\Cache), false)
 7 FCPATH\index.php(79): CodeIgniter\CodeIgniter->run()
CRITICAL - 2023-11-10 03:52:35 --> syntax error, unexpected token "[", expecting ":"
in APPPATH\Controllers\Api\ApiPendidikanPelamar.php on line 76.
 1 SYSTEMPATH\Autoloader\Autoloader.php(285): CodeIgniter\Autoloader\Autoloader->includeFile('D:\\project\\jobapp\\Job-App\\backend-Job-App\\app\\Controllers\\Api\\ApiPendidikanPelamar.php')
 2 SYSTEMPATH\Autoloader\Autoloader.php(263): CodeIgniter\Autoloader\Autoloader->loadInNamespace('App\\Controllers\\Api\\ApiPendidikanPelamar')
 3 [internal function]: CodeIgniter\Autoloader\Autoloader->loadClass('App\\Controllers\\Api\\ApiPendidikanPelamar')
 4 SYSTEMPATH\CodeIgniter.php(877): class_exists('\\App\\Controllers\\Api\\ApiPendidikanPelamar', true)
 5 SYSTEMPATH\CodeIgniter.php(481): CodeIgniter\CodeIgniter->startController()
 6 SYSTEMPATH\CodeIgniter.php(353): CodeIgniter\CodeIgniter->handleRequest(null, Object(Config\Cache), false)
 7 FCPATH\index.php(79): CodeIgniter\CodeIgniter->run()
CRITICAL - 2023-11-10 03:53:08 --> syntax error, unexpected token "[", expecting ":"
in APPPATH\Controllers\Api\ApiPendidikanPelamar.php on line 76.
 1 SYSTEMPATH\Autoloader\Autoloader.php(285): CodeIgniter\Autoloader\Autoloader->includeFile('D:\\project\\jobapp\\Job-App\\backend-Job-App\\app\\Controllers\\Api\\ApiPendidikanPelamar.php')
 2 SYSTEMPATH\Autoloader\Autoloader.php(263): CodeIgniter\Autoloader\Autoloader->loadInNamespace('App\\Controllers\\Api\\ApiPendidikanPelamar')
 3 [internal function]: CodeIgniter\Autoloader\Autoloader->loadClass('App\\Controllers\\Api\\ApiPendidikanPelamar')
 4 SYSTEMPATH\CodeIgniter.php(877): class_exists('\\App\\Controllers\\Api\\ApiPendidikanPelamar', true)
 5 SYSTEMPATH\CodeIgniter.php(481): CodeIgniter\CodeIgniter->startController()
 6 SYSTEMPATH\CodeIgniter.php(353): CodeIgniter\CodeIgniter->handleRequest(null, Object(Config\Cache), false)
 7 FCPATH\index.php(79): CodeIgniter\CodeIgniter->run()
CRITICAL - 2023-11-10 03:53:29 --> syntax error, unexpected token "[", expecting ":"
in APPPATH\Controllers\Api\ApiPendidikanPelamar.php on line 76.
 1 SYSTEMPATH\Autoloader\Autoloader.php(285): CodeIgniter\Autoloader\Autoloader->includeFile('D:\\project\\jobapp\\Job-App\\backend-Job-App\\app\\Controllers\\Api\\ApiPendidikanPelamar.php')
 2 SYSTEMPATH\Autoloader\Autoloader.php(263): CodeIgniter\Autoloader\Autoloader->loadInNamespace('App\\Controllers\\Api\\ApiPendidikanPelamar')
 3 [internal function]: CodeIgniter\Autoloader\Autoloader->loadClass('App\\Controllers\\Api\\ApiPendidikanPelamar')
 4 SYSTEMPATH\CodeIgniter.php(877): class_exists('\\App\\Controllers\\Api\\ApiPendidikanPelamar', true)
 5 SYSTEMPATH\CodeIgniter.php(481): CodeIgniter\CodeIgniter->startController()
 6 SYSTEMPATH\CodeIgniter.php(353): CodeIgniter\CodeIgniter->handleRequest(null, Object(Config\Cache), false)
 7 FCPATH\index.php(79): CodeIgniter\CodeIgniter->run()
CRITICAL - 2023-11-10 03:53:42 --> syntax error, unexpected token "[", expecting ":"
in APPPATH\Controllers\Api\ApiPendidikanPelamar.php on line 76.
 1 SYSTEMPATH\Autoloader\Autoloader.php(285): CodeIgniter\Autoloader\Autoloader->includeFile('D:\\project\\jobapp\\Job-App\\backend-Job-App\\app\\Controllers\\Api\\ApiPendidikanPelamar.php')
 2 SYSTEMPATH\Autoloader\Autoloader.php(263): CodeIgniter\Autoloader\Autoloader->loadInNamespace('App\\Controllers\\Api\\ApiPendidikanPelamar')
 3 [internal function]: CodeIgniter\Autoloader\Autoloader->loadClass('App\\Controllers\\Api\\ApiPendidikanPelamar')
 4 SYSTEMPATH\CodeIgniter.php(877): class_exists('\\App\\Controllers\\Api\\ApiPendidikanPelamar', true)
 5 SYSTEMPATH\CodeIgniter.php(481): CodeIgniter\CodeIgniter->startController()
 6 SYSTEMPATH\CodeIgniter.php(353): CodeIgniter\CodeIgniter->handleRequest(null, Object(Config\Cache), false)
 7 FCPATH\index.php(79): CodeIgniter\CodeIgniter->run()
CRITICAL - 2023-11-10 03:53:52 --> syntax error, unexpected token "[", expecting ":"
in APPPATH\Controllers\Api\ApiPendidikanPelamar.php on line 76.
 1 SYSTEMPATH\Autoloader\Autoloader.php(285): CodeIgniter\Autoloader\Autoloader->includeFile('D:\\project\\jobapp\\Job-App\\backend-Job-App\\app\\Controllers\\Api\\ApiPendidikanPelamar.php')
 2 SYSTEMPATH\Autoloader\Autoloader.php(263): CodeIgniter\Autoloader\Autoloader->loadInNamespace('App\\Controllers\\Api\\ApiPendidikanPelamar')
 3 [internal function]: CodeIgniter\Autoloader\Autoloader->loadClass('App\\Controllers\\Api\\ApiPendidikanPelamar')
 4 SYSTEMPATH\CodeIgniter.php(877): class_exists('\\App\\Controllers\\Api\\ApiPendidikanPelamar', true)
 5 SYSTEMPATH\CodeIgniter.php(481): CodeIgniter\CodeIgniter->startController()
 6 SYSTEMPATH\CodeIgniter.php(353): CodeIgniter\CodeIgniter->handleRequest(null, Object(Config\Cache), false)
 7 FCPATH\index.php(79): CodeIgniter\CodeIgniter->run()
CRITICAL - 2023-11-10 03:53:53 --> syntax error, unexpected token "[", expecting ":"
in APPPATH\Controllers\Api\ApiPendidikanPelamar.php on line 76.
 1 SYSTEMPATH\Autoloader\Autoloader.php(285): CodeIgniter\Autoloader\Autoloader->includeFile('D:\\project\\jobapp\\Job-App\\backend-Job-App\\app\\Controllers\\Api\\ApiPendidikanPelamar.php')
 2 SYSTEMPATH\Autoloader\Autoloader.php(263): CodeIgniter\Autoloader\Autoloader->loadInNamespace('App\\Controllers\\Api\\ApiPendidikanPelamar')
 3 [internal function]: CodeIgniter\Autoloader\Autoloader->loadClass('App\\Controllers\\Api\\ApiPendidikanPelamar')
 4 SYSTEMPATH\CodeIgniter.php(877): class_exists('\\App\\Controllers\\Api\\ApiPendidikanPelamar', true)
 5 SYSTEMPATH\CodeIgniter.php(481): CodeIgniter\CodeIgniter->startController()
 6 SYSTEMPATH\CodeIgniter.php(353): CodeIgniter\CodeIgniter->handleRequest(null, Object(Config\Cache), false)
 7 FCPATH\index.php(79): CodeIgniter\CodeIgniter->run()
CRITICAL - 2023-11-10 03:54:18 --> syntax error, unexpected token "[", expecting ":"
in APPPATH\Controllers\Api\ApiPendidikanPelamar.php on line 76.
 1 SYSTEMPATH\Autoloader\Autoloader.php(285): CodeIgniter\Autoloader\Autoloader->includeFile('D:\\project\\jobapp\\Job-App\\backend-Job-App\\app\\Controllers\\Api\\ApiPendidikanPelamar.php')
 2 SYSTEMPATH\Autoloader\Autoloader.php(263): CodeIgniter\Autoloader\Autoloader->loadInNamespace('App\\Controllers\\Api\\ApiPendidikanPelamar')
 3 [internal function]: CodeIgniter\Autoloader\Autoloader->loadClass('App\\Controllers\\Api\\ApiPendidikanPelamar')
 4 SYSTEMPATH\CodeIgniter.php(877): class_exists('\\App\\Controllers\\Api\\ApiPendidikanPelamar', true)
 5 SYSTEMPATH\CodeIgniter.php(481): CodeIgniter\CodeIgniter->startController()
 6 SYSTEMPATH\CodeIgniter.php(353): CodeIgniter\CodeIgniter->handleRequest(null, Object(Config\Cache), false)
 7 FCPATH\index.php(79): CodeIgniter\CodeIgniter->run()
CRITICAL - 2023-11-10 03:54:21 --> syntax error, unexpected token "[", expecting ":"
in APPPATH\Controllers\Api\ApiPendidikanPelamar.php on line 76.
 1 SYSTEMPATH\Autoloader\Autoloader.php(285): CodeIgniter\Autoloader\Autoloader->includeFile('D:\\project\\jobapp\\Job-App\\backend-Job-App\\app\\Controllers\\Api\\ApiPendidikanPelamar.php')
 2 SYSTEMPATH\Autoloader\Autoloader.php(263): CodeIgniter\Autoloader\Autoloader->loadInNamespace('App\\Controllers\\Api\\ApiPendidikanPelamar')
 3 [internal function]: CodeIgniter\Autoloader\Autoloader->loadClass('App\\Controllers\\Api\\ApiPendidikanPelamar')
 4 SYSTEMPATH\CodeIgniter.php(877): class_exists('\\App\\Controllers\\Api\\ApiPendidikanPelamar', true)
 5 SYSTEMPATH\CodeIgniter.php(481): CodeIgniter\CodeIgniter->startController()
 6 SYSTEMPATH\CodeIgniter.php(353): CodeIgniter\CodeIgniter->handleRequest(null, Object(Config\Cache), false)
 7 FCPATH\index.php(79): CodeIgniter\CodeIgniter->run()
CRITICAL - 2023-11-10 03:54:54 --> syntax error, unexpected token "[", expecting ":"
in APPPATH\Controllers\Api\ApiPendidikanPelamar.php on line 76.
 1 SYSTEMPATH\Autoloader\Autoloader.php(285): CodeIgniter\Autoloader\Autoloader->includeFile('D:\\project\\jobapp\\Job-App\\backend-Job-App\\app\\Controllers\\Api\\ApiPendidikanPelamar.php')
 2 SYSTEMPATH\Autoloader\Autoloader.php(263): CodeIgniter\Autoloader\Autoloader->loadInNamespace('App\\Controllers\\Api\\ApiPendidikanPelamar')
 3 [internal function]: CodeIgniter\Autoloader\Autoloader->loadClass('App\\Controllers\\Api\\ApiPendidikanPelamar')
 4 SYSTEMPATH\CodeIgniter.php(877): class_exists('\\App\\Controllers\\Api\\ApiPendidikanPelamar', true)
 5 SYSTEMPATH\CodeIgniter.php(481): CodeIgniter\CodeIgniter->startController()
 6 SYSTEMPATH\CodeIgniter.php(353): CodeIgniter\CodeIgniter->handleRequest(null, Object(Config\Cache), false)
 7 FCPATH\index.php(79): CodeIgniter\CodeIgniter->run()
CRITICAL - 2023-11-10 03:54:58 --> syntax error, unexpected token "[", expecting ":"
in APPPATH\Controllers\Api\ApiPendidikanPelamar.php on line 76.
 1 SYSTEMPATH\Autoloader\Autoloader.php(285): CodeIgniter\Autoloader\Autoloader->includeFile('D:\\project\\jobapp\\Job-App\\backend-Job-App\\app\\Controllers\\Api\\ApiPendidikanPelamar.php')
 2 SYSTEMPATH\Autoloader\Autoloader.php(263): CodeIgniter\Autoloader\Autoloader->loadInNamespace('App\\Controllers\\Api\\ApiPendidikanPelamar')
 3 [internal function]: CodeIgniter\Autoloader\Autoloader->loadClass('App\\Controllers\\Api\\ApiPendidikanPelamar')
 4 SYSTEMPATH\CodeIgniter.php(877): class_exists('\\App\\Controllers\\Api\\ApiPendidikanPelamar', true)
 5 SYSTEMPATH\CodeIgniter.php(481): CodeIgniter\CodeIgniter->startController()
 6 SYSTEMPATH\CodeIgniter.php(353): CodeIgniter\CodeIgniter->handleRequest(null, Object(Config\Cache), false)
 7 FCPATH\index.php(79): CodeIgniter\CodeIgniter->run()
CRITICAL - 2023-11-10 03:55:01 --> syntax error, unexpected token "[", expecting ":"
in APPPATH\Controllers\Api\ApiPendidikanPelamar.php on line 76.
 1 SYSTEMPATH\Autoloader\Autoloader.php(285): CodeIgniter\Autoloader\Autoloader->includeFile('D:\\project\\jobapp\\Job-App\\backend-Job-App\\app\\Controllers\\Api\\ApiPendidikanPelamar.php')
 2 SYSTEMPATH\Autoloader\Autoloader.php(263): CodeIgniter\Autoloader\Autoloader->loadInNamespace('App\\Controllers\\Api\\ApiPendidikanPelamar')
 3 [internal function]: CodeIgniter\Autoloader\Autoloader->loadClass('App\\Controllers\\Api\\ApiPendidikanPelamar')
 4 SYSTEMPATH\CodeIgniter.php(877): class_exists('\\App\\Controllers\\Api\\ApiPendidikanPelamar', true)
 5 SYSTEMPATH\CodeIgniter.php(481): CodeIgniter\CodeIgniter->startController()
 6 SYSTEMPATH\CodeIgniter.php(353): CodeIgniter\CodeIgniter->handleRequest(null, Object(Config\Cache), false)
 7 FCPATH\index.php(79): CodeIgniter\CodeIgniter->run()
CRITICAL - 2023-11-10 03:55:24 --> syntax error, unexpected token "[", expecting ":"
in APPPATH\Controllers\Api\ApiPendidikanPelamar.php on line 76.
 1 SYSTEMPATH\Autoloader\Autoloader.php(285): CodeIgniter\Autoloader\Autoloader->includeFile('D:\\project\\jobapp\\Job-App\\backend-Job-App\\app\\Controllers\\Api\\ApiPendidikanPelamar.php')
 2 SYSTEMPATH\Autoloader\Autoloader.php(263): CodeIgniter\Autoloader\Autoloader->loadInNamespace('App\\Controllers\\Api\\ApiPendidikanPelamar')
 3 [internal function]: CodeIgniter\Autoloader\Autoloader->loadClass('App\\Controllers\\Api\\ApiPendidikanPelamar')
 4 SYSTEMPATH\CodeIgniter.php(877): class_exists('\\App\\Controllers\\Api\\ApiPendidikanPelamar', true)
 5 SYSTEMPATH\CodeIgniter.php(481): CodeIgniter\CodeIgniter->startController()
 6 SYSTEMPATH\CodeIgniter.php(353): CodeIgniter\CodeIgniter->handleRequest(null, Object(Config\Cache), false)
 7 FCPATH\index.php(79): CodeIgniter\CodeIgniter->run()
CRITICAL - 2023-11-10 03:55:26 --> syntax error, unexpected token "[", expecting ":"
in APPPATH\Controllers\Api\ApiPendidikanPelamar.php on line 76.
 1 SYSTEMPATH\Autoloader\Autoloader.php(285): CodeIgniter\Autoloader\Autoloader->includeFile('D:\\project\\jobapp\\Job-App\\backend-Job-App\\app\\Controllers\\Api\\ApiPendidikanPelamar.php')
 2 SYSTEMPATH\Autoloader\Autoloader.php(263): CodeIgniter\Autoloader\Autoloader->loadInNamespace('App\\Controllers\\Api\\ApiPendidikanPelamar')
 3 [internal function]: CodeIgniter\Autoloader\Autoloader->loadClass('App\\Controllers\\Api\\ApiPendidikanPelamar')
 4 SYSTEMPATH\CodeIgniter.php(877): class_exists('\\App\\Controllers\\Api\\ApiPendidikanPelamar', true)
 5 SYSTEMPATH\CodeIgniter.php(481): CodeIgniter\CodeIgniter->startController()
 6 SYSTEMPATH\CodeIgniter.php(353): CodeIgniter\CodeIgniter->handleRequest(null, Object(Config\Cache), false)
 7 FCPATH\index.php(79): CodeIgniter\CodeIgniter->run()
CRITICAL - 2023-11-10 03:55:29 --> syntax error, unexpected token "[", expecting ":"
in APPPATH\Controllers\Api\ApiPendidikanPelamar.php on line 76.
 1 SYSTEMPATH\Autoloader\Autoloader.php(285): CodeIgniter\Autoloader\Autoloader->includeFile('D:\\project\\jobapp\\Job-App\\backend-Job-App\\app\\Controllers\\Api\\ApiPendidikanPelamar.php')
 2 SYSTEMPATH\Autoloader\Autoloader.php(263): CodeIgniter\Autoloader\Autoloader->loadInNamespace('App\\Controllers\\Api\\ApiPendidikanPelamar')
 3 [internal function]: CodeIgniter\Autoloader\Autoloader->loadClass('App\\Controllers\\Api\\ApiPendidikanPelamar')
 4 SYSTEMPATH\CodeIgniter.php(877): class_exists('\\App\\Controllers\\Api\\ApiPendidikanPelamar', true)
 5 SYSTEMPATH\CodeIgniter.php(481): CodeIgniter\CodeIgniter->startController()
 6 SYSTEMPATH\CodeIgniter.php(353): CodeIgniter\CodeIgniter->handleRequest(null, Object(Config\Cache), false)
 7 FCPATH\index.php(79): CodeIgniter\CodeIgniter->run()
CRITICAL - 2023-11-10 03:55:37 --> syntax error, unexpected token "[", expecting ":"
in APPPATH\Controllers\Api\ApiPendidikanPelamar.php on line 76.
 1 SYSTEMPATH\Autoloader\Autoloader.php(285): CodeIgniter\Autoloader\Autoloader->includeFile('D:\\project\\jobapp\\Job-App\\backend-Job-App\\app\\Controllers\\Api\\ApiPendidikanPelamar.php')
 2 SYSTEMPATH\Autoloader\Autoloader.php(263): CodeIgniter\Autoloader\Autoloader->loadInNamespace('App\\Controllers\\Api\\ApiPendidikanPelamar')
 3 [internal function]: CodeIgniter\Autoloader\Autoloader->loadClass('App\\Controllers\\Api\\ApiPendidikanPelamar')
 4 SYSTEMPATH\CodeIgniter.php(877): class_exists('\\App\\Controllers\\Api\\ApiPendidikanPelamar', true)
 5 SYSTEMPATH\CodeIgniter.php(481): CodeIgniter\CodeIgniter->startController()
 6 SYSTEMPATH\CodeIgniter.php(353): CodeIgniter\CodeIgniter->handleRequest(null, Object(Config\Cache), false)
 7 FCPATH\index.php(79): CodeIgniter\CodeIgniter->run()
CRITICAL - 2023-11-10 03:55:45 --> syntax error, unexpected token "[", expecting ":"
in APPPATH\Controllers\Api\ApiPendidikanPelamar.php on line 76.
 1 SYSTEMPATH\Autoloader\Autoloader.php(285): CodeIgniter\Autoloader\Autoloader->includeFile('D:\\project\\jobapp\\Job-App\\backend-Job-App\\app\\Controllers\\Api\\ApiPendidikanPelamar.php')
 2 SYSTEMPATH\Autoloader\Autoloader.php(263): CodeIgniter\Autoloader\Autoloader->loadInNamespace('App\\Controllers\\Api\\ApiPendidikanPelamar')
 3 [internal function]: CodeIgniter\Autoloader\Autoloader->loadClass('App\\Controllers\\Api\\ApiPendidikanPelamar')
 4 SYSTEMPATH\CodeIgniter.php(877): class_exists('\\App\\Controllers\\Api\\ApiPendidikanPelamar', true)
 5 SYSTEMPATH\CodeIgniter.php(481): CodeIgniter\CodeIgniter->startController()
 6 SYSTEMPATH\CodeIgniter.php(353): CodeIgniter\CodeIgniter->handleRequest(null, Object(Config\Cache), false)
 7 FCPATH\index.php(79): CodeIgniter\CodeIgniter->run()
CRITICAL - 2023-11-10 03:55:55 --> syntax error, unexpected token "[", expecting ":"
in APPPATH\Controllers\Api\ApiPendidikanPelamar.php on line 76.
 1 SYSTEMPATH\Autoloader\Autoloader.php(285): CodeIgniter\Autoloader\Autoloader->includeFile('D:\\project\\jobapp\\Job-App\\backend-Job-App\\app\\Controllers\\Api\\ApiPendidikanPelamar.php')
 2 SYSTEMPATH\Autoloader\Autoloader.php(263): CodeIgniter\Autoloader\Autoloader->loadInNamespace('App\\Controllers\\Api\\ApiPendidikanPelamar')
 3 [internal function]: CodeIgniter\Autoloader\Autoloader->loadClass('App\\Controllers\\Api\\ApiPendidikanPelamar')
 4 SYSTEMPATH\CodeIgniter.php(877): class_exists('\\App\\Controllers\\Api\\ApiPendidikanPelamar', true)
 5 SYSTEMPATH\CodeIgniter.php(481): CodeIgniter\CodeIgniter->startController()
 6 SYSTEMPATH\CodeIgniter.php(353): CodeIgniter\CodeIgniter->handleRequest(null, Object(Config\Cache), false)
 7 FCPATH\index.php(79): CodeIgniter\CodeIgniter->run()
CRITICAL - 2023-11-10 03:55:57 --> syntax error, unexpected token "[", expecting ":"
in APPPATH\Controllers\Api\ApiPendidikanPelamar.php on line 76.
 1 SYSTEMPATH\Autoloader\Autoloader.php(285): CodeIgniter\Autoloader\Autoloader->includeFile('D:\\project\\jobapp\\Job-App\\backend-Job-App\\app\\Controllers\\Api\\ApiPendidikanPelamar.php')
 2 SYSTEMPATH\Autoloader\Autoloader.php(263): CodeIgniter\Autoloader\Autoloader->loadInNamespace('App\\Controllers\\Api\\ApiPendidikanPelamar')
 3 [internal function]: CodeIgniter\Autoloader\Autoloader->loadClass('App\\Controllers\\Api\\ApiPendidikanPelamar')
 4 SYSTEMPATH\CodeIgniter.php(877): class_exists('\\App\\Controllers\\Api\\ApiPendidikanPelamar', true)
 5 SYSTEMPATH\CodeIgniter.php(481): CodeIgniter\CodeIgniter->startController()
 6 SYSTEMPATH\CodeIgniter.php(353): CodeIgniter\CodeIgniter->handleRequest(null, Object(Config\Cache), false)
 7 FCPATH\index.php(79): CodeIgniter\CodeIgniter->run()
CRITICAL - 2023-11-10 03:56:32 --> syntax error, unexpected token "[", expecting ":"
in APPPATH\Controllers\Api\ApiPendidikanPelamar.php on line 76.
 1 SYSTEMPATH\Autoloader\Autoloader.php(285): CodeIgniter\Autoloader\Autoloader->includeFile('D:\\project\\jobapp\\Job-App\\backend-Job-App\\app\\Controllers\\Api\\ApiPendidikanPelamar.php')
 2 SYSTEMPATH\Autoloader\Autoloader.php(263): CodeIgniter\Autoloader\Autoloader->loadInNamespace('App\\Controllers\\Api\\ApiPendidikanPelamar')
 3 [internal function]: CodeIgniter\Autoloader\Autoloader->loadClass('App\\Controllers\\Api\\ApiPendidikanPelamar')
 4 SYSTEMPATH\CodeIgniter.php(877): class_exists('\\App\\Controllers\\Api\\ApiPendidikanPelamar', true)
 5 SYSTEMPATH\CodeIgniter.php(481): CodeIgniter\CodeIgniter->startController()
 6 SYSTEMPATH\CodeIgniter.php(353): CodeIgniter\CodeIgniter->handleRequest(null, Object(Config\Cache), false)
 7 FCPATH\index.php(79): CodeIgniter\CodeIgniter->run()
CRITICAL - 2023-11-10 04:03:56 --> syntax error, unexpected variable "$save", expecting ")"
in APPPATH\Controllers\Api\ApiPendidikanPelamar.php on line 78.
 1 SYSTEMPATH\Autoloader\Autoloader.php(285): CodeIgniter\Autoloader\Autoloader->includeFile('D:\\project\\jobapp\\Job-App\\backend-Job-App\\app\\Controllers\\Api\\ApiPendidikanPelamar.php')
 2 SYSTEMPATH\Autoloader\Autoloader.php(263): CodeIgniter\Autoloader\Autoloader->loadInNamespace('App\\Controllers\\Api\\ApiPendidikanPelamar')
 3 [internal function]: CodeIgniter\Autoloader\Autoloader->loadClass('App\\Controllers\\Api\\ApiPendidikanPelamar')
 4 SYSTEMPATH\CodeIgniter.php(877): class_exists('\\App\\Controllers\\Api\\ApiPendidikanPelamar', true)
 5 SYSTEMPATH\CodeIgniter.php(481): CodeIgniter\CodeIgniter->startController()
 6 SYSTEMPATH\CodeIgniter.php(353): CodeIgniter\CodeIgniter->handleRequest(null, Object(Config\Cache), false)
 7 FCPATH\index.php(79): CodeIgniter\CodeIgniter->run()
CRITICAL - 2023-11-10 04:04:04 --> syntax error, unexpected token ";", expecting ")"
in APPPATH\Controllers\Api\ApiPendidikanPelamar.php on line 77.
 1 SYSTEMPATH\Autoloader\Autoloader.php(285): CodeIgniter\Autoloader\Autoloader->includeFile('D:\\project\\jobapp\\Job-App\\backend-Job-App\\app\\Controllers\\Api\\ApiPendidikanPelamar.php')
 2 SYSTEMPATH\Autoloader\Autoloader.php(263): CodeIgniter\Autoloader\Autoloader->loadInNamespace('App\\Controllers\\Api\\ApiPendidikanPelamar')
 3 [internal function]: CodeIgniter\Autoloader\Autoloader->loadClass('App\\Controllers\\Api\\ApiPendidikanPelamar')
 4 SYSTEMPATH\CodeIgniter.php(877): class_exists('\\App\\Controllers\\Api\\ApiPendidikanPelamar', true)
 5 SYSTEMPATH\CodeIgniter.php(481): CodeIgniter\CodeIgniter->startController()
 6 SYSTEMPATH\CodeIgniter.php(353): CodeIgniter\CodeIgniter->handleRequest(null, Object(Config\Cache), false)
 7 FCPATH\index.php(79): CodeIgniter\CodeIgniter->run()
CRITICAL - 2023-11-10 04:08:56 --> syntax error, unexpected token ")"
in APPPATH\Controllers\Api\ApiPendidikanPelamar.php on line 77.
 1 SYSTEMPATH\Autoloader\Autoloader.php(285): CodeIgniter\Autoloader\Autoloader->includeFile('D:\\project\\jobapp\\Job-App\\backend-Job-App\\app\\Controllers\\Api\\ApiPendidikanPelamar.php')
 2 SYSTEMPATH\Autoloader\Autoloader.php(263): CodeIgniter\Autoloader\Autoloader->loadInNamespace('App\\Controllers\\Api\\ApiPendidikanPelamar')
 3 [internal function]: CodeIgniter\Autoloader\Autoloader->loadClass('App\\Controllers\\Api\\ApiPendidikanPelamar')
 4 SYSTEMPATH\CodeIgniter.php(877): class_exists('\\App\\Controllers\\Api\\ApiPendidikanPelamar', true)
 5 SYSTEMPATH\CodeIgniter.php(481): CodeIgniter\CodeIgniter->startController()
 6 SYSTEMPATH\CodeIgniter.php(353): CodeIgniter\CodeIgniter->handleRequest(null, Object(Config\Cache), false)
 7 FCPATH\index.php(79): CodeIgniter\CodeIgniter->run()
