CRITICAL - 2023-10-28 22:39:37 --> syntax error, unexpected token "{"
in APPPATH\Controllers\Api\ApiApplyJob.php on line 78.
 1 SYSTEMPATH\Autoloader\Autoloader.php(285): CodeIgniter\Autoloader\Autoloader->includeFile('D:\\project\\jobapp\\Job-App\\backend-Job-App\\app\\Controllers\\Api\\ApiApplyJob.php')
 2 SYSTEMPATH\Autoloader\Autoloader.php(263): CodeIgniter\Autoloader\Autoloader->loadInNamespace('App\\Controllers\\Api\\ApiApplyJob')
 3 [internal function]: CodeIgniter\Autoloader\Autoloader->loadClass('App\\Controllers\\Api\\ApiApplyJob')
 4 SYSTEMPATH\CodeIgniter.php(877): class_exists('\\App\\Controllers\\Api\\ApiApplyJob', true)
 5 SYSTEMPATH\CodeIgniter.php(481): CodeIgniter\CodeIgniter->startController()
 6 SYSTEMPATH\CodeIgniter.php(353): CodeIgniter\CodeIgniter->handleRequest(null, Object(Config\Cache), false)
 7 FCPATH\index.php(79): CodeIgniter\CodeIgniter->run()
CRITICAL - 2023-10-28 22:39:39 --> syntax error, unexpected token "{"
in APPPATH\Controllers\Api\ApiApplyJob.php on line 78.
 1 SYSTEMPATH\Autoloader\Autoloader.php(285): CodeIgniter\Autoloader\Autoloader->includeFile('D:\\project\\jobapp\\Job-App\\backend-Job-App\\app\\Controllers\\Api\\ApiApplyJob.php')
 2 SYSTEMPATH\Autoloader\Autoloader.php(263): CodeIgniter\Autoloader\Autoloader->loadInNamespace('App\\Controllers\\Api\\ApiApplyJob')
 3 [internal function]: CodeIgniter\Autoloader\Autoloader->loadClass('App\\Controllers\\Api\\ApiApplyJob')
 4 SYSTEMPATH\CodeIgniter.php(877): class_exists('\\App\\Controllers\\Api\\ApiApplyJob', true)
 5 SYSTEMPATH\CodeIgniter.php(481): CodeIgniter\CodeIgniter->startController()
 6 SYSTEMPATH\CodeIgniter.php(353): CodeIgniter\CodeIgniter->handleRequest(null, Object(Config\Cache), false)
 7 FCPATH\index.php(79): CodeIgniter\CodeIgniter->run()
CRITICAL - 2023-10-28 22:39:42 --> syntax error, unexpected token "{"
in APPPATH\Controllers\Api\ApiApplyJob.php on line 78.
 1 SYSTEMPATH\Autoloader\Autoloader.php(285): CodeIgniter\Autoloader\Autoloader->includeFile('D:\\project\\jobapp\\Job-App\\backend-Job-App\\app\\Controllers\\Api\\ApiApplyJob.php')
 2 SYSTEMPATH\Autoloader\Autoloader.php(263): CodeIgniter\Autoloader\Autoloader->loadInNamespace('App\\Controllers\\Api\\ApiApplyJob')
 3 [internal function]: CodeIgniter\Autoloader\Autoloader->loadClass('App\\Controllers\\Api\\ApiApplyJob')
 4 SYSTEMPATH\CodeIgniter.php(877): class_exists('\\App\\Controllers\\Api\\ApiApplyJob', true)
 5 SYSTEMPATH\CodeIgniter.php(481): CodeIgniter\CodeIgniter->startController()
 6 SYSTEMPATH\CodeIgniter.php(353): CodeIgniter\CodeIgniter->handleRequest(null, Object(Config\Cache), false)
 7 FCPATH\index.php(79): CodeIgniter\CodeIgniter->run()
CRITICAL - 2023-10-28 22:39:52 --> syntax error, unexpected token "{"
in APPPATH\Controllers\Api\ApiApplyJob.php on line 78.
 1 SYSTEMPATH\Autoloader\Autoloader.php(285): CodeIgniter\Autoloader\Autoloader->includeFile('D:\\project\\jobapp\\Job-App\\backend-Job-App\\app\\Controllers\\Api\\ApiApplyJob.php')
 2 SYSTEMPATH\Autoloader\Autoloader.php(263): CodeIgniter\Autoloader\Autoloader->loadInNamespace('App\\Controllers\\Api\\ApiApplyJob')
 3 [internal function]: CodeIgniter\Autoloader\Autoloader->loadClass('App\\Controllers\\Api\\ApiApplyJob')
 4 SYSTEMPATH\CodeIgniter.php(877): class_exists('\\App\\Controllers\\Api\\ApiApplyJob', true)
 5 SYSTEMPATH\CodeIgniter.php(481): CodeIgniter\CodeIgniter->startController()
 6 SYSTEMPATH\CodeIgniter.php(353): CodeIgniter\CodeIgniter->handleRequest(null, Object(Config\Cache), false)
 7 FCPATH\index.php(79): CodeIgniter\CodeIgniter->run()
CRITICAL - 2023-10-28 22:39:56 --> syntax error, unexpected token "{"
in APPPATH\Controllers\Api\ApiApplyJob.php on line 78.
 1 SYSTEMPATH\Autoloader\Autoloader.php(285): CodeIgniter\Autoloader\Autoloader->includeFile('D:\\project\\jobapp\\Job-App\\backend-Job-App\\app\\Controllers\\Api\\ApiApplyJob.php')
 2 SYSTEMPATH\Autoloader\Autoloader.php(263): CodeIgniter\Autoloader\Autoloader->loadInNamespace('App\\Controllers\\Api\\ApiApplyJob')
 3 [internal function]: CodeIgniter\Autoloader\Autoloader->loadClass('App\\Controllers\\Api\\ApiApplyJob')
 4 SYSTEMPATH\CodeIgniter.php(877): class_exists('\\App\\Controllers\\Api\\ApiApplyJob', true)
 5 SYSTEMPATH\CodeIgniter.php(481): CodeIgniter\CodeIgniter->startController()
 6 SYSTEMPATH\CodeIgniter.php(353): CodeIgniter\CodeIgniter->handleRequest(null, Object(Config\Cache), false)
 7 FCPATH\index.php(79): CodeIgniter\CodeIgniter->run()
CRITICAL - 2023-10-28 22:41:22 --> syntax error, unexpected token "{"
in APPPATH\Controllers\Api\ApiApplyJob.php on line 78.
 1 SYSTEMPATH\Autoloader\Autoloader.php(285): CodeIgniter\Autoloader\Autoloader->includeFile('D:\\project\\jobapp\\Job-App\\backend-Job-App\\app\\Controllers\\Api\\ApiApplyJob.php')
 2 SYSTEMPATH\Autoloader\Autoloader.php(263): CodeIgniter\Autoloader\Autoloader->loadInNamespace('App\\Controllers\\Api\\ApiApplyJob')
 3 [internal function]: CodeIgniter\Autoloader\Autoloader->loadClass('App\\Controllers\\Api\\ApiApplyJob')
 4 SYSTEMPATH\CodeIgniter.php(877): class_exists('\\App\\Controllers\\Api\\ApiApplyJob', true)
 5 SYSTEMPATH\CodeIgniter.php(481): CodeIgniter\CodeIgniter->startController()
 6 SYSTEMPATH\CodeIgniter.php(353): CodeIgniter\CodeIgniter->handleRequest(null, Object(Config\Cache), false)
 7 FCPATH\index.php(79): CodeIgniter\CodeIgniter->run()
CRITICAL - 2023-10-28 22:41:30 --> syntax error, unexpected token "{"
in APPPATH\Controllers\Api\ApiApplyJob.php on line 78.
 1 SYSTEMPATH\Autoloader\Autoloader.php(285): CodeIgniter\Autoloader\Autoloader->includeFile('D:\\project\\jobapp\\Job-App\\backend-Job-App\\app\\Controllers\\Api\\ApiApplyJob.php')
 2 SYSTEMPATH\Autoloader\Autoloader.php(263): CodeIgniter\Autoloader\Autoloader->loadInNamespace('App\\Controllers\\Api\\ApiApplyJob')
 3 [internal function]: CodeIgniter\Autoloader\Autoloader->loadClass('App\\Controllers\\Api\\ApiApplyJob')
 4 SYSTEMPATH\CodeIgniter.php(877): class_exists('\\App\\Controllers\\Api\\ApiApplyJob', true)
 5 SYSTEMPATH\CodeIgniter.php(481): CodeIgniter\CodeIgniter->startController()
 6 SYSTEMPATH\CodeIgniter.php(353): CodeIgniter\CodeIgniter->handleRequest(null, Object(Config\Cache), false)
 7 FCPATH\index.php(79): CodeIgniter\CodeIgniter->run()
CRITICAL - 2023-10-28 22:45:52 --> syntax error, unexpected token "{"
in APPPATH\Controllers\Api\ApiApplyJob.php on line 78.
 1 SYSTEMPATH\Autoloader\Autoloader.php(285): CodeIgniter\Autoloader\Autoloader->includeFile('D:\\project\\jobapp\\Job-App\\backend-Job-App\\app\\Controllers\\Api\\ApiApplyJob.php')
 2 SYSTEMPATH\Autoloader\Autoloader.php(263): CodeIgniter\Autoloader\Autoloader->loadInNamespace('App\\Controllers\\Api\\ApiApplyJob')
 3 [internal function]: CodeIgniter\Autoloader\Autoloader->loadClass('App\\Controllers\\Api\\ApiApplyJob')
 4 SYSTEMPATH\CodeIgniter.php(877): class_exists('\\App\\Controllers\\Api\\ApiApplyJob', true)
 5 SYSTEMPATH\CodeIgniter.php(481): CodeIgniter\CodeIgniter->startController()
 6 SYSTEMPATH\CodeIgniter.php(353): CodeIgniter\CodeIgniter->handleRequest(null, Object(Config\Cache), false)
 7 FCPATH\index.php(79): CodeIgniter\CodeIgniter->run()
CRITICAL - 2023-10-28 22:46:08 --> syntax error, unexpected token "{"
in APPPATH\Controllers\Api\ApiApplyJob.php on line 78.
 1 SYSTEMPATH\Autoloader\Autoloader.php(285): CodeIgniter\Autoloader\Autoloader->includeFile('D:\\project\\jobapp\\Job-App\\backend-Job-App\\app\\Controllers\\Api\\ApiApplyJob.php')
 2 SYSTEMPATH\Autoloader\Autoloader.php(263): CodeIgniter\Autoloader\Autoloader->loadInNamespace('App\\Controllers\\Api\\ApiApplyJob')
 3 [internal function]: CodeIgniter\Autoloader\Autoloader->loadClass('App\\Controllers\\Api\\ApiApplyJob')
 4 SYSTEMPATH\CodeIgniter.php(877): class_exists('\\App\\Controllers\\Api\\ApiApplyJob', true)
 5 SYSTEMPATH\CodeIgniter.php(481): CodeIgniter\CodeIgniter->startController()
 6 SYSTEMPATH\CodeIgniter.php(353): CodeIgniter\CodeIgniter->handleRequest(null, Object(Config\Cache), false)
 7 FCPATH\index.php(79): CodeIgniter\CodeIgniter->run()
CRITICAL - 2023-10-28 22:46:32 --> syntax error, unexpected token "if"
in APPPATH\Controllers\Api\ApiApplyJob.php on line 80.
 1 SYSTEMPATH\Autoloader\Autoloader.php(285): CodeIgniter\Autoloader\Autoloader->includeFile('D:\\project\\jobapp\\Job-App\\backend-Job-App\\app\\Controllers\\Api\\ApiApplyJob.php')
 2 SYSTEMPATH\Autoloader\Autoloader.php(263): CodeIgniter\Autoloader\Autoloader->loadInNamespace('App\\Controllers\\Api\\ApiApplyJob')
 3 [internal function]: CodeIgniter\Autoloader\Autoloader->loadClass('App\\Controllers\\Api\\ApiApplyJob')
 4 SYSTEMPATH\CodeIgniter.php(877): class_exists('\\App\\Controllers\\Api\\ApiApplyJob', true)
 5 SYSTEMPATH\CodeIgniter.php(481): CodeIgniter\CodeIgniter->startController()
 6 SYSTEMPATH\CodeIgniter.php(353): CodeIgniter\CodeIgniter->handleRequest(null, Object(Config\Cache), false)
 7 FCPATH\index.php(79): CodeIgniter\CodeIgniter->run()
CRITICAL - 2023-10-28 22:47:24 --> syntax error, unexpected token "if"
in APPPATH\Controllers\Api\ApiApplyJob.php on line 80.
 1 SYSTEMPATH\Autoloader\Autoloader.php(285): CodeIgniter\Autoloader\Autoloader->includeFile('D:\\project\\jobapp\\Job-App\\backend-Job-App\\app\\Controllers\\Api\\ApiApplyJob.php')
 2 SYSTEMPATH\Autoloader\Autoloader.php(263): CodeIgniter\Autoloader\Autoloader->loadInNamespace('App\\Controllers\\Api\\ApiApplyJob')
 3 [internal function]: CodeIgniter\Autoloader\Autoloader->loadClass('App\\Controllers\\Api\\ApiApplyJob')
 4 SYSTEMPATH\CodeIgniter.php(877): class_exists('\\App\\Controllers\\Api\\ApiApplyJob', true)
 5 SYSTEMPATH\CodeIgniter.php(481): CodeIgniter\CodeIgniter->startController()
 6 SYSTEMPATH\CodeIgniter.php(353): CodeIgniter\CodeIgniter->handleRequest(null, Object(Config\Cache), false)
 7 FCPATH\index.php(79): CodeIgniter\CodeIgniter->run()
CRITICAL - 2023-10-28 22:47:58 --> syntax error, unexpected token "if"
in APPPATH\Controllers\Api\ApiApplyJob.php on line 80.
 1 SYSTEMPATH\Autoloader\Autoloader.php(285): CodeIgniter\Autoloader\Autoloader->includeFile('D:\\project\\jobapp\\Job-App\\backend-Job-App\\app\\Controllers\\Api\\ApiApplyJob.php')
 2 SYSTEMPATH\Autoloader\Autoloader.php(263): CodeIgniter\Autoloader\Autoloader->loadInNamespace('App\\Controllers\\Api\\ApiApplyJob')
 3 [internal function]: CodeIgniter\Autoloader\Autoloader->loadClass('App\\Controllers\\Api\\ApiApplyJob')
 4 SYSTEMPATH\CodeIgniter.php(877): class_exists('\\App\\Controllers\\Api\\ApiApplyJob', true)
 5 SYSTEMPATH\CodeIgniter.php(481): CodeIgniter\CodeIgniter->startController()
 6 SYSTEMPATH\CodeIgniter.php(353): CodeIgniter\CodeIgniter->handleRequest(null, Object(Config\Cache), false)
 7 FCPATH\index.php(79): CodeIgniter\CodeIgniter->run()
CRITICAL - 2023-10-28 22:48:09 --> syntax error, unexpected token "if"
in APPPATH\Controllers\Api\ApiApplyJob.php on line 80.
 1 SYSTEMPATH\Autoloader\Autoloader.php(285): CodeIgniter\Autoloader\Autoloader->includeFile('D:\\project\\jobapp\\Job-App\\backend-Job-App\\app\\Controllers\\Api\\ApiApplyJob.php')
 2 SYSTEMPATH\Autoloader\Autoloader.php(263): CodeIgniter\Autoloader\Autoloader->loadInNamespace('App\\Controllers\\Api\\ApiApplyJob')
 3 [internal function]: CodeIgniter\Autoloader\Autoloader->loadClass('App\\Controllers\\Api\\ApiApplyJob')
 4 SYSTEMPATH\CodeIgniter.php(877): class_exists('\\App\\Controllers\\Api\\ApiApplyJob', true)
 5 SYSTEMPATH\CodeIgniter.php(481): CodeIgniter\CodeIgniter->startController()
 6 SYSTEMPATH\CodeIgniter.php(353): CodeIgniter\CodeIgniter->handleRequest(null, Object(Config\Cache), false)
 7 FCPATH\index.php(79): CodeIgniter\CodeIgniter->run()
CRITICAL - 2023-10-28 22:48:14 --> syntax error, unexpected token "if"
in APPPATH\Controllers\Api\ApiApplyJob.php on line 80.
 1 SYSTEMPATH\Autoloader\Autoloader.php(285): CodeIgniter\Autoloader\Autoloader->includeFile('D:\\project\\jobapp\\Job-App\\backend-Job-App\\app\\Controllers\\Api\\ApiApplyJob.php')
 2 SYSTEMPATH\Autoloader\Autoloader.php(263): CodeIgniter\Autoloader\Autoloader->loadInNamespace('App\\Controllers\\Api\\ApiApplyJob')
 3 [internal function]: CodeIgniter\Autoloader\Autoloader->loadClass('App\\Controllers\\Api\\ApiApplyJob')
 4 SYSTEMPATH\CodeIgniter.php(877): class_exists('\\App\\Controllers\\Api\\ApiApplyJob', true)
 5 SYSTEMPATH\CodeIgniter.php(481): CodeIgniter\CodeIgniter->startController()
 6 SYSTEMPATH\CodeIgniter.php(353): CodeIgniter\CodeIgniter->handleRequest(null, Object(Config\Cache), false)
 7 FCPATH\index.php(79): CodeIgniter\CodeIgniter->run()
CRITICAL - 2023-10-28 22:50:04 --> syntax error, unexpected token "if"
in APPPATH\Controllers\Api\ApiApplyJob.php on line 80.
 1 SYSTEMPATH\Autoloader\Autoloader.php(285): CodeIgniter\Autoloader\Autoloader->includeFile('D:\\project\\jobapp\\Job-App\\backend-Job-App\\app\\Controllers\\Api\\ApiApplyJob.php')
 2 SYSTEMPATH\Autoloader\Autoloader.php(263): CodeIgniter\Autoloader\Autoloader->loadInNamespace('App\\Controllers\\Api\\ApiApplyJob')
 3 [internal function]: CodeIgniter\Autoloader\Autoloader->loadClass('App\\Controllers\\Api\\ApiApplyJob')
 4 SYSTEMPATH\CodeIgniter.php(877): class_exists('\\App\\Controllers\\Api\\ApiApplyJob', true)
 5 SYSTEMPATH\CodeIgniter.php(481): CodeIgniter\CodeIgniter->startController()
 6 SYSTEMPATH\CodeIgniter.php(353): CodeIgniter\CodeIgniter->handleRequest(null, Object(Config\Cache), false)
 7 FCPATH\index.php(79): CodeIgniter\CodeIgniter->run()
CRITICAL - 2023-10-28 22:50:05 --> syntax error, unexpected token "if"
in APPPATH\Controllers\Api\ApiApplyJob.php on line 80.
 1 SYSTEMPATH\Autoloader\Autoloader.php(285): CodeIgniter\Autoloader\Autoloader->includeFile('D:\\project\\jobapp\\Job-App\\backend-Job-App\\app\\Controllers\\Api\\ApiApplyJob.php')
 2 SYSTEMPATH\Autoloader\Autoloader.php(263): CodeIgniter\Autoloader\Autoloader->loadInNamespace('App\\Controllers\\Api\\ApiApplyJob')
 3 [internal function]: CodeIgniter\Autoloader\Autoloader->loadClass('App\\Controllers\\Api\\ApiApplyJob')
 4 SYSTEMPATH\CodeIgniter.php(877): class_exists('\\App\\Controllers\\Api\\ApiApplyJob', true)
 5 SYSTEMPATH\CodeIgniter.php(481): CodeIgniter\CodeIgniter->startController()
 6 SYSTEMPATH\CodeIgniter.php(353): CodeIgniter\CodeIgniter->handleRequest(null, Object(Config\Cache), false)
 7 FCPATH\index.php(79): CodeIgniter\CodeIgniter->run()
CRITICAL - 2023-10-28 22:50:31 --> syntax error, unexpected token "if"
in APPPATH\Controllers\Api\ApiApplyJob.php on line 80.
 1 SYSTEMPATH\Autoloader\Autoloader.php(285): CodeIgniter\Autoloader\Autoloader->includeFile('D:\\project\\jobapp\\Job-App\\backend-Job-App\\app\\Controllers\\Api\\ApiApplyJob.php')
 2 SYSTEMPATH\Autoloader\Autoloader.php(263): CodeIgniter\Autoloader\Autoloader->loadInNamespace('App\\Controllers\\Api\\ApiApplyJob')
 3 [internal function]: CodeIgniter\Autoloader\Autoloader->loadClass('App\\Controllers\\Api\\ApiApplyJob')
 4 SYSTEMPATH\CodeIgniter.php(877): class_exists('\\App\\Controllers\\Api\\ApiApplyJob', true)
 5 SYSTEMPATH\CodeIgniter.php(481): CodeIgniter\CodeIgniter->startController()
 6 SYSTEMPATH\CodeIgniter.php(353): CodeIgniter\CodeIgniter->handleRequest(null, Object(Config\Cache), false)
 7 FCPATH\index.php(79): CodeIgniter\CodeIgniter->run()
CRITICAL - 2023-10-28 22:50:36 --> syntax error, unexpected token "if"
in APPPATH\Controllers\Api\ApiApplyJob.php on line 80.
 1 SYSTEMPATH\Autoloader\Autoloader.php(285): CodeIgniter\Autoloader\Autoloader->includeFile('D:\\project\\jobapp\\Job-App\\backend-Job-App\\app\\Controllers\\Api\\ApiApplyJob.php')
 2 SYSTEMPATH\Autoloader\Autoloader.php(263): CodeIgniter\Autoloader\Autoloader->loadInNamespace('App\\Controllers\\Api\\ApiApplyJob')
 3 [internal function]: CodeIgniter\Autoloader\Autoloader->loadClass('App\\Controllers\\Api\\ApiApplyJob')
 4 SYSTEMPATH\CodeIgniter.php(877): class_exists('\\App\\Controllers\\Api\\ApiApplyJob', true)
 5 SYSTEMPATH\CodeIgniter.php(481): CodeIgniter\CodeIgniter->startController()
 6 SYSTEMPATH\CodeIgniter.php(353): CodeIgniter\CodeIgniter->handleRequest(null, Object(Config\Cache), false)
 7 FCPATH\index.php(79): CodeIgniter\CodeIgniter->run()
CRITICAL - 2023-10-28 22:50:56 --> syntax error, unexpected token "if"
in APPPATH\Controllers\Api\ApiApplyJob.php on line 80.
 1 SYSTEMPATH\Autoloader\Autoloader.php(285): CodeIgniter\Autoloader\Autoloader->includeFile('D:\\project\\jobapp\\Job-App\\backend-Job-App\\app\\Controllers\\Api\\ApiApplyJob.php')
 2 SYSTEMPATH\Autoloader\Autoloader.php(263): CodeIgniter\Autoloader\Autoloader->loadInNamespace('App\\Controllers\\Api\\ApiApplyJob')
 3 [internal function]: CodeIgniter\Autoloader\Autoloader->loadClass('App\\Controllers\\Api\\ApiApplyJob')
 4 SYSTEMPATH\CodeIgniter.php(877): class_exists('\\App\\Controllers\\Api\\ApiApplyJob', true)
 5 SYSTEMPATH\CodeIgniter.php(481): CodeIgniter\CodeIgniter->startController()
 6 SYSTEMPATH\CodeIgniter.php(353): CodeIgniter\CodeIgniter->handleRequest(null, Object(Config\Cache), false)
 7 FCPATH\index.php(79): CodeIgniter\CodeIgniter->run()
CRITICAL - 2023-10-28 22:51:05 --> syntax error, unexpected token "if"
in APPPATH\Controllers\Api\ApiApplyJob.php on line 80.
 1 SYSTEMPATH\Autoloader\Autoloader.php(285): CodeIgniter\Autoloader\Autoloader->includeFile('D:\\project\\jobapp\\Job-App\\backend-Job-App\\app\\Controllers\\Api\\ApiApplyJob.php')
 2 SYSTEMPATH\Autoloader\Autoloader.php(263): CodeIgniter\Autoloader\Autoloader->loadInNamespace('App\\Controllers\\Api\\ApiApplyJob')
 3 [internal function]: CodeIgniter\Autoloader\Autoloader->loadClass('App\\Controllers\\Api\\ApiApplyJob')
 4 SYSTEMPATH\CodeIgniter.php(877): class_exists('\\App\\Controllers\\Api\\ApiApplyJob', true)
 5 SYSTEMPATH\CodeIgniter.php(481): CodeIgniter\CodeIgniter->startController()
 6 SYSTEMPATH\CodeIgniter.php(353): CodeIgniter\CodeIgniter->handleRequest(null, Object(Config\Cache), false)
 7 FCPATH\index.php(79): CodeIgniter\CodeIgniter->run()
CRITICAL - 2023-10-28 22:51:24 --> syntax error, unexpected token "if"
in APPPATH\Controllers\Api\ApiApplyJob.php on line 80.
 1 SYSTEMPATH\Autoloader\Autoloader.php(285): CodeIgniter\Autoloader\Autoloader->includeFile('D:\\project\\jobapp\\Job-App\\backend-Job-App\\app\\Controllers\\Api\\ApiApplyJob.php')
 2 SYSTEMPATH\Autoloader\Autoloader.php(263): CodeIgniter\Autoloader\Autoloader->loadInNamespace('App\\Controllers\\Api\\ApiApplyJob')
 3 [internal function]: CodeIgniter\Autoloader\Autoloader->loadClass('App\\Controllers\\Api\\ApiApplyJob')
 4 SYSTEMPATH\CodeIgniter.php(877): class_exists('\\App\\Controllers\\Api\\ApiApplyJob', true)
 5 SYSTEMPATH\CodeIgniter.php(481): CodeIgniter\CodeIgniter->startController()
 6 SYSTEMPATH\CodeIgniter.php(353): CodeIgniter\CodeIgniter->handleRequest(null, Object(Config\Cache), false)
 7 FCPATH\index.php(79): CodeIgniter\CodeIgniter->run()
CRITICAL - 2023-10-28 22:51:55 --> syntax error, unexpected token "if"
in APPPATH\Controllers\Api\ApiApplyJob.php on line 80.
 1 SYSTEMPATH\Autoloader\Autoloader.php(285): CodeIgniter\Autoloader\Autoloader->includeFile('D:\\project\\jobapp\\Job-App\\backend-Job-App\\app\\Controllers\\Api\\ApiApplyJob.php')
 2 SYSTEMPATH\Autoloader\Autoloader.php(263): CodeIgniter\Autoloader\Autoloader->loadInNamespace('App\\Controllers\\Api\\ApiApplyJob')
 3 [internal function]: CodeIgniter\Autoloader\Autoloader->loadClass('App\\Controllers\\Api\\ApiApplyJob')
 4 SYSTEMPATH\CodeIgniter.php(877): class_exists('\\App\\Controllers\\Api\\ApiApplyJob', true)
 5 SYSTEMPATH\CodeIgniter.php(481): CodeIgniter\CodeIgniter->startController()
 6 SYSTEMPATH\CodeIgniter.php(353): CodeIgniter\CodeIgniter->handleRequest(null, Object(Config\Cache), false)
 7 FCPATH\index.php(79): CodeIgniter\CodeIgniter->run()
CRITICAL - 2023-10-28 22:51:57 --> syntax error, unexpected token "if"
in APPPATH\Controllers\Api\ApiApplyJob.php on line 80.
 1 SYSTEMPATH\Autoloader\Autoloader.php(285): CodeIgniter\Autoloader\Autoloader->includeFile('D:\\project\\jobapp\\Job-App\\backend-Job-App\\app\\Controllers\\Api\\ApiApplyJob.php')
 2 SYSTEMPATH\Autoloader\Autoloader.php(263): CodeIgniter\Autoloader\Autoloader->loadInNamespace('App\\Controllers\\Api\\ApiApplyJob')
 3 [internal function]: CodeIgniter\Autoloader\Autoloader->loadClass('App\\Controllers\\Api\\ApiApplyJob')
 4 SYSTEMPATH\CodeIgniter.php(877): class_exists('\\App\\Controllers\\Api\\ApiApplyJob', true)
 5 SYSTEMPATH\CodeIgniter.php(481): CodeIgniter\CodeIgniter->startController()
 6 SYSTEMPATH\CodeIgniter.php(353): CodeIgniter\CodeIgniter->handleRequest(null, Object(Config\Cache), false)
 7 FCPATH\index.php(79): CodeIgniter\CodeIgniter->run()
CRITICAL - 2023-10-28 22:52:45 --> syntax error, unexpected token "if"
in APPPATH\Controllers\Api\ApiApplyJob.php on line 80.
 1 SYSTEMPATH\Autoloader\Autoloader.php(285): CodeIgniter\Autoloader\Autoloader->includeFile('D:\\project\\jobapp\\Job-App\\backend-Job-App\\app\\Controllers\\Api\\ApiApplyJob.php')
 2 SYSTEMPATH\Autoloader\Autoloader.php(263): CodeIgniter\Autoloader\Autoloader->loadInNamespace('App\\Controllers\\Api\\ApiApplyJob')
 3 [internal function]: CodeIgniter\Autoloader\Autoloader->loadClass('App\\Controllers\\Api\\ApiApplyJob')
 4 SYSTEMPATH\CodeIgniter.php(877): class_exists('\\App\\Controllers\\Api\\ApiApplyJob', true)
 5 SYSTEMPATH\CodeIgniter.php(481): CodeIgniter\CodeIgniter->startController()
 6 SYSTEMPATH\CodeIgniter.php(353): CodeIgniter\CodeIgniter->handleRequest(null, Object(Config\Cache), false)
 7 FCPATH\index.php(79): CodeIgniter\CodeIgniter->run()
CRITICAL - 2023-10-28 22:53:12 --> syntax error, unexpected token "{"
in APPPATH\Controllers\Api\ApiApplyJob.php on line 80.
 1 SYSTEMPATH\Autoloader\Autoloader.php(285): CodeIgniter\Autoloader\Autoloader->includeFile('D:\\project\\jobapp\\Job-App\\backend-Job-App\\app\\Controllers\\Api\\ApiApplyJob.php')
 2 SYSTEMPATH\Autoloader\Autoloader.php(263): CodeIgniter\Autoloader\Autoloader->loadInNamespace('App\\Controllers\\Api\\ApiApplyJob')
 3 [internal function]: CodeIgniter\Autoloader\Autoloader->loadClass('App\\Controllers\\Api\\ApiApplyJob')
 4 SYSTEMPATH\CodeIgniter.php(877): class_exists('\\App\\Controllers\\Api\\ApiApplyJob', true)
 5 SYSTEMPATH\CodeIgniter.php(481): CodeIgniter\CodeIgniter->startController()
 6 SYSTEMPATH\CodeIgniter.php(353): CodeIgniter\CodeIgniter->handleRequest(null, Object(Config\Cache), false)
 7 FCPATH\index.php(79): CodeIgniter\CodeIgniter->run()
CRITICAL - 2023-10-28 22:53:34 --> syntax error, unexpected token ">"
in APPPATH\Controllers\Api\ApiApplyJob.php on line 80.
 1 SYSTEMPATH\Autoloader\Autoloader.php(285): CodeIgniter\Autoloader\Autoloader->includeFile('D:\\project\\jobapp\\Job-App\\backend-Job-App\\app\\Controllers\\Api\\ApiApplyJob.php')
 2 SYSTEMPATH\Autoloader\Autoloader.php(263): CodeIgniter\Autoloader\Autoloader->loadInNamespace('App\\Controllers\\Api\\ApiApplyJob')
 3 [internal function]: CodeIgniter\Autoloader\Autoloader->loadClass('App\\Controllers\\Api\\ApiApplyJob')
 4 SYSTEMPATH\CodeIgniter.php(877): class_exists('\\App\\Controllers\\Api\\ApiApplyJob', true)
 5 SYSTEMPATH\CodeIgniter.php(481): CodeIgniter\CodeIgniter->startController()
 6 SYSTEMPATH\CodeIgniter.php(353): CodeIgniter\CodeIgniter->handleRequest(null, Object(Config\Cache), false)
 7 FCPATH\index.php(79): CodeIgniter\CodeIgniter->run()
CRITICAL - 2023-10-28 22:54:21 --> Call to a member function countAll() on array
in APPPATH\Controllers\Api\ApiApplyJob.php on line 79.
 1 SYSTEMPATH\CodeIgniter.php(919): App\Controllers\Api\ApiApplyJob->check('1', '1')
 2 SYSTEMPATH\CodeIgniter.php(494): CodeIgniter\CodeIgniter->runController(Object(App\Controllers\Api\ApiApplyJob))
 3 SYSTEMPATH\CodeIgniter.php(353): CodeIgniter\CodeIgniter->handleRequest(null, Object(Config\Cache), false)
 4 FCPATH\index.php(79): CodeIgniter\CodeIgniter->run()
CRITICAL - 2023-10-28 22:54:39 --> Call to a member function count() on array
in APPPATH\Controllers\Api\ApiApplyJob.php on line 79.
 1 SYSTEMPATH\CodeIgniter.php(919): App\Controllers\Api\ApiApplyJob->check('1', '1')
 2 SYSTEMPATH\CodeIgniter.php(494): CodeIgniter\CodeIgniter->runController(Object(App\Controllers\Api\ApiApplyJob))
 3 SYSTEMPATH\CodeIgniter.php(353): CodeIgniter\CodeIgniter->handleRequest(null, Object(Config\Cache), false)
 4 FCPATH\index.php(79): CodeIgniter\CodeIgniter->run()
CRITICAL - 2023-10-28 22:55:19 --> syntax error, unexpected token "public"
in APPPATH\Controllers\Api\ApiApplyJob.php on line 85.
 1 SYSTEMPATH\Autoloader\Autoloader.php(285): CodeIgniter\Autoloader\Autoloader->includeFile('D:\\project\\jobapp\\Job-App\\backend-Job-App\\app\\Controllers\\Api\\ApiApplyJob.php')
 2 SYSTEMPATH\Autoloader\Autoloader.php(263): CodeIgniter\Autoloader\Autoloader->loadInNamespace('App\\Controllers\\Api\\ApiApplyJob')
 3 [internal function]: CodeIgniter\Autoloader\Autoloader->loadClass('App\\Controllers\\Api\\ApiApplyJob')
 4 SYSTEMPATH\CodeIgniter.php(877): class_exists('\\App\\Controllers\\Api\\ApiApplyJob', true)
 5 SYSTEMPATH\CodeIgniter.php(481): CodeIgniter\CodeIgniter->startController()
 6 SYSTEMPATH\CodeIgniter.php(353): CodeIgniter\CodeIgniter->handleRequest(null, Object(Config\Cache), false)
 7 FCPATH\index.php(79): CodeIgniter\CodeIgniter->run()
CRITICAL - 2023-10-28 23:03:12 --> Call to a member function countAll() on array
in APPPATH\Controllers\Api\ApiApplyJob.php on line 78.
 1 SYSTEMPATH\CodeIgniter.php(919): App\Controllers\Api\ApiApplyJob->check('1', '1')
 2 SYSTEMPATH\CodeIgniter.php(494): CodeIgniter\CodeIgniter->runController(Object(App\Controllers\Api\ApiApplyJob))
 3 SYSTEMPATH\CodeIgniter.php(353): CodeIgniter\CodeIgniter->handleRequest(null, Object(Config\Cache), false)
 4 FCPATH\index.php(79): CodeIgniter\CodeIgniter->run()
CRITICAL - 2023-10-28 23:03:20 --> Call to a member function count() on array
in APPPATH\Controllers\Api\ApiApplyJob.php on line 78.
 1 SYSTEMPATH\CodeIgniter.php(919): App\Controllers\Api\ApiApplyJob->check('1', '1')
 2 SYSTEMPATH\CodeIgniter.php(494): CodeIgniter\CodeIgniter->runController(Object(App\Controllers\Api\ApiApplyJob))
 3 SYSTEMPATH\CodeIgniter.php(353): CodeIgniter\CodeIgniter->handleRequest(null, Object(Config\Cache), false)
 4 FCPATH\index.php(79): CodeIgniter\CodeIgniter->run()
CRITICAL - 2023-10-28 23:48:15 --> Key material must be a string, resource, or OpenSSLAsymmetricKey
in VENDORPATH\firebase\php-jwt\src\Key.php on line 31.
 1 APPPATH\Libraries\JWTCI4.php(68): Firebase\JWT\Key->__construct(false, 'HS256')
 2 APPPATH\Filters\AuthFilter.php(39): App\Libraries\JWTCI4->parse(Object(CodeIgniter\HTTP\Header))
 3 SYSTEMPATH\Filters\Filters.php(180): App\Filters\AuthFilter->before(Object(CodeIgniter\HTTP\IncomingRequest), null)
 4 SYSTEMPATH\CodeIgniter.php(466): CodeIgniter\Filters\Filters->run('api/apply/check/1/1', 'before')
 5 SYSTEMPATH\CodeIgniter.php(353): CodeIgniter\CodeIgniter->handleRequest(null, Object(Config\Cache), false)
 6 FCPATH\index.php(79): CodeIgniter\CodeIgniter->run()
CRITICAL - 2023-10-28 23:58:32 --> Key material must be a string, resource, or OpenSSLAsymmetricKey
in VENDORPATH\firebase\php-jwt\src\Key.php on line 31.
 1 APPPATH\Libraries\JWTCI4.php(68): Firebase\JWT\Key->__construct(false, 'HS256')
 2 APPPATH\Filters\AuthFilter.php(39): App\Libraries\JWTCI4->parse(Object(CodeIgniter\HTTP\Header))
 3 SYSTEMPATH\Filters\Filters.php(180): App\Filters\AuthFilter->before(Object(CodeIgniter\HTTP\IncomingRequest), null)
 4 SYSTEMPATH\CodeIgniter.php(466): CodeIgniter\Filters\Filters->run('api/apply/check/1/1', 'before')
 5 SYSTEMPATH\CodeIgniter.php(353): CodeIgniter\CodeIgniter->handleRequest(null, Object(Config\Cache), false)
 6 FCPATH\index.php(79): CodeIgniter\CodeIgniter->run()
