CRITICAL - 2023-11-02 00:49:58 --> Key material must be a string, resource, or OpenSSLAsymmetricKey
in VENDORPATH\firebase\php-jwt\src\Key.php on line 31.
 1 APPPATH\Libraries\JWTCI4.php(68): Firebase\JWT\Key->__construct(false, 'HS256')
 2 APPPATH\Filters\AuthFilter.php(39): App\Libraries\JWTCI4->parse(Object(CodeIgniter\HTTP\Header))
 3 SYSTEMPATH\Filters\Filters.php(180): App\Filters\AuthFilter->before(Object(CodeIgniter\HTTP\IncomingRequest), null)
 4 SYSTEMPATH\CodeIgniter.php(466): CodeIgniter\Filters\Filters->run('api/apply/check/1/1', 'before')
 5 SYSTEMPATH\CodeIgniter.php(353): CodeIgniter\CodeIgniter->handleRequest(null, Object(Config\Cache), false)
 6 FCPATH\index.php(79): CodeIgniter\CodeIgniter->run()
CRITICAL - 2023-11-02 16:37:40 --> syntax error, unexpected variable "$path"
in APPPATH\Controllers\Api\ResourceFile.php on line 16.
 1 SYSTEMPATH\Autoloader\Autoloader.php(285): CodeIgniter\Autoloader\Autoloader->includeFile('D:\\project\\jobapp\\Job-App\\backend-Job-App\\app\\Controllers\\Api\\ResourceFile.php')
 2 SYSTEMPATH\Autoloader\Autoloader.php(263): CodeIgniter\Autoloader\Autoloader->loadInNamespace('App\\Controllers\\Api\\ResourceFile')
 3 [internal function]: CodeIgniter\Autoloader\Autoloader->loadClass('App\\Controllers\\Api\\ResourceFile')
 4 SYSTEMPATH\CodeIgniter.php(877): class_exists('\\App\\Controllers\\Api\\ResourceFile', true)
 5 SYSTEMPATH\CodeIgniter.php(481): CodeIgniter\CodeIgniter->startController()
 6 SYSTEMPATH\CodeIgniter.php(353): CodeIgniter\CodeIgniter->handleRequest(null, Object(Config\Cache), false)
 7 FCPATH\index.php(79): CodeIgniter\CodeIgniter->run()
CRITICAL - 2023-11-02 16:38:00 --> syntax error, unexpected variable "$path"
in APPPATH\Controllers\Api\ResourceFile.php on line 16.
 1 SYSTEMPATH\Autoloader\Autoloader.php(285): CodeIgniter\Autoloader\Autoloader->includeFile('D:\\project\\jobapp\\Job-App\\backend-Job-App\\app\\Controllers\\Api\\ResourceFile.php')
 2 SYSTEMPATH\Autoloader\Autoloader.php(263): CodeIgniter\Autoloader\Autoloader->loadInNamespace('App\\Controllers\\Api\\ResourceFile')
 3 [internal function]: CodeIgniter\Autoloader\Autoloader->loadClass('App\\Controllers\\Api\\ResourceFile')
 4 SYSTEMPATH\CodeIgniter.php(877): class_exists('\\App\\Controllers\\Api\\ResourceFile', true)
 5 SYSTEMPATH\CodeIgniter.php(481): CodeIgniter\CodeIgniter->startController()
 6 SYSTEMPATH\CodeIgniter.php(353): CodeIgniter\CodeIgniter->handleRequest(null, Object(Config\Cache), false)
 7 FCPATH\index.php(79): CodeIgniter\CodeIgniter->run()
CRITICAL - 2023-11-02 16:38:05 --> syntax error, unexpected variable "$path"
in APPPATH\Controllers\Api\ResourceFile.php on line 16.
 1 SYSTEMPATH\Autoloader\Autoloader.php(285): CodeIgniter\Autoloader\Autoloader->includeFile('D:\\project\\jobapp\\Job-App\\backend-Job-App\\app\\Controllers\\Api\\ResourceFile.php')
 2 SYSTEMPATH\Autoloader\Autoloader.php(263): CodeIgniter\Autoloader\Autoloader->loadInNamespace('App\\Controllers\\Api\\ResourceFile')
 3 [internal function]: CodeIgniter\Autoloader\Autoloader->loadClass('App\\Controllers\\Api\\ResourceFile')
 4 SYSTEMPATH\CodeIgniter.php(877): class_exists('\\App\\Controllers\\Api\\ResourceFile', true)
 5 SYSTEMPATH\CodeIgniter.php(481): CodeIgniter\CodeIgniter->startController()
 6 SYSTEMPATH\CodeIgniter.php(353): CodeIgniter\CodeIgniter->handleRequest(null, Object(Config\Cache), false)
 7 FCPATH\index.php(79): CodeIgniter\CodeIgniter->run()
CRITICAL - 2023-11-02 16:38:29 --> syntax error, unexpected variable "$path"
in APPPATH\Controllers\Api\ResourceFile.php on line 16.
 1 SYSTEMPATH\Autoloader\Autoloader.php(285): CodeIgniter\Autoloader\Autoloader->includeFile('D:\\project\\jobapp\\Job-App\\backend-Job-App\\app\\Controllers\\Api\\ResourceFile.php')
 2 SYSTEMPATH\Autoloader\Autoloader.php(263): CodeIgniter\Autoloader\Autoloader->loadInNamespace('App\\Controllers\\Api\\ResourceFile')
 3 [internal function]: CodeIgniter\Autoloader\Autoloader->loadClass('App\\Controllers\\Api\\ResourceFile')
 4 SYSTEMPATH\CodeIgniter.php(877): class_exists('\\App\\Controllers\\Api\\ResourceFile', true)
 5 SYSTEMPATH\CodeIgniter.php(481): CodeIgniter\CodeIgniter->startController()
 6 SYSTEMPATH\CodeIgniter.php(353): CodeIgniter\CodeIgniter->handleRequest(null, Object(Config\Cache), false)
 7 FCPATH\index.php(79): CodeIgniter\CodeIgniter->run()
CRITICAL - 2023-11-02 16:39:49 --> syntax error, unexpected variable "$path"
in APPPATH\Controllers\Api\ResourceFile.php on line 16.
 1 SYSTEMPATH\Autoloader\Autoloader.php(285): CodeIgniter\Autoloader\Autoloader->includeFile('D:\\project\\jobapp\\Job-App\\backend-Job-App\\app\\Controllers\\Api\\ResourceFile.php')
 2 SYSTEMPATH\Autoloader\Autoloader.php(263): CodeIgniter\Autoloader\Autoloader->loadInNamespace('App\\Controllers\\Api\\ResourceFile')
 3 [internal function]: CodeIgniter\Autoloader\Autoloader->loadClass('App\\Controllers\\Api\\ResourceFile')
 4 SYSTEMPATH\CodeIgniter.php(877): class_exists('\\App\\Controllers\\Api\\ResourceFile', true)
 5 SYSTEMPATH\CodeIgniter.php(481): CodeIgniter\CodeIgniter->startController()
 6 SYSTEMPATH\CodeIgniter.php(353): CodeIgniter\CodeIgniter->handleRequest(null, Object(Config\Cache), false)
 7 FCPATH\index.php(79): CodeIgniter\CodeIgniter->run()
CRITICAL - 2023-11-02 16:40:08 --> Declaration of App\Controllers\Api\ResourceFile::show($id_user) must be compatible with CodeIgniter\RESTful\ResourceController::show($id = null)
in APPPATH\Controllers\Api\ResourceFile.php on line 12.
 1 [internal function]: CodeIgniter\Debug\Exceptions->shutdownHandler()
CRITICAL - 2023-11-02 16:40:41 --> Declaration of App\Controllers\Api\ResourceFile::show($id_user) must be compatible with CodeIgniter\RESTful\ResourceController::show($id = null)
in APPPATH\Controllers\Api\ResourceFile.php on line 12.
 1 [internal function]: CodeIgniter\Debug\Exceptions->shutdownHandler()
CRITICAL - 2023-11-02 16:41:39 --> Declaration of App\Controllers\Api\ResourceFile::show($id_user) must be compatible with CodeIgniter\RESTful\ResourceController::show($id = null)
in APPPATH\Controllers\Api\ResourceFile.php on line 12.
 1 [internal function]: CodeIgniter\Debug\Exceptions->shutdownHandler()
CRITICAL - 2023-11-02 16:42:22 --> Declaration of App\Controllers\Api\ResourceFile::show($id_user) must be compatible with CodeIgniter\RESTful\ResourceController::show($id = null)
in APPPATH\Controllers\Api\ResourceFile.php on line 12.
 1 [internal function]: CodeIgniter\Debug\Exceptions->shutdownHandler()
CRITICAL - 2023-11-02 16:42:56 --> Declaration of App\Controllers\Api\ResourceFile::show($id_user) must be compatible with CodeIgniter\RESTful\ResourceController::show($id = null)
in APPPATH\Controllers\Api\ResourceFile.php on line 12.
 1 [internal function]: CodeIgniter\Debug\Exceptions->shutdownHandler()
CRITICAL - 2023-11-02 16:43:11 --> Declaration of App\Controllers\Api\ResourceFile::show($id_user) must be compatible with CodeIgniter\RESTful\ResourceController::show($id = null)
in APPPATH\Controllers\Api\ResourceFile.php on line 12.
 1 [internal function]: CodeIgniter\Debug\Exceptions->shutdownHandler()
CRITICAL - 2023-11-02 16:43:41 --> Declaration of App\Controllers\Api\ResourceFile::show($id_user) must be compatible with CodeIgniter\RESTful\ResourceController::show($id = null)
in APPPATH\Controllers\Api\ResourceFile.php on line 12.
 1 [internal function]: CodeIgniter\Debug\Exceptions->shutdownHandler()
CRITICAL - 2023-11-02 16:44:26 --> Undefined array key "name"
in APPPATH\Controllers\Api\ResourceFile.php on line 15.
 1 APPPATH\Controllers\Api\ResourceFile.php(15): CodeIgniter\Debug\Exceptions->errorHandler(2, 'Undefined array key "name"', 'D:\\project\\jobapp\\Job-App\\backend-Job-App\\app\\Controllers\\Api\\ResourceFile.php', 15)
 2 SYSTEMPATH\CodeIgniter.php(919): App\Controllers\Api\ResourceFile->show('1')
 3 SYSTEMPATH\CodeIgniter.php(494): CodeIgniter\CodeIgniter->runController(Object(App\Controllers\Api\ResourceFile))
 4 SYSTEMPATH\CodeIgniter.php(353): CodeIgniter\CodeIgniter->handleRequest(null, Object(Config\Cache), false)
 5 FCPATH\index.php(79): CodeIgniter\CodeIgniter->run()
CRITICAL - 2023-11-02 16:44:59 --> Declaration of App\Controllers\Api\ResourceFile::show($id_user) must be compatible with CodeIgniter\RESTful\ResourceController::show($id = null)
in APPPATH\Controllers\Api\ResourceFile.php on line 12.
 1 [internal function]: CodeIgniter\Debug\Exceptions->shutdownHandler()
CRITICAL - 2023-11-02 16:46:50 --> syntax error, unexpected identifier "application"
in APPPATH\Controllers\Api\ResourceFile.php on line 23.
 1 SYSTEMPATH\Autoloader\Autoloader.php(285): CodeIgniter\Autoloader\Autoloader->includeFile('D:\\project\\jobapp\\Job-App\\backend-Job-App\\app\\Controllers\\Api\\ResourceFile.php')
 2 SYSTEMPATH\Autoloader\Autoloader.php(263): CodeIgniter\Autoloader\Autoloader->loadInNamespace('App\\Controllers\\Api\\ResourceFile')
 3 [internal function]: CodeIgniter\Autoloader\Autoloader->loadClass('App\\Controllers\\Api\\ResourceFile')
 4 SYSTEMPATH\CodeIgniter.php(877): class_exists('\\App\\Controllers\\Api\\ResourceFile', true)
 5 SYSTEMPATH\CodeIgniter.php(481): CodeIgniter\CodeIgniter->startController()
 6 SYSTEMPATH\CodeIgniter.php(353): CodeIgniter\CodeIgniter->handleRequest(null, Object(Config\Cache), false)
 7 FCPATH\index.php(79): CodeIgniter\CodeIgniter->run()
